<?xml version="1.0" encoding="UTF-8"?>
<TestRun id="65de8216-b5a7-4482-ae67-41abd54fbd00" name="Mark Kamberger@MARKKAMBERGER 2012-08-21 16:27:20" runUser="MarkKamberger\Mark Kamberger" xmlns="http://microsoft.com/schemas/VisualStudio/TeamTest/2010">
  <TestSettings name="Local" id="df33c40f-4b20-4513-b1f4-15285b1cbd93">
    <Description>These are default test settings for a local test run.</Description>
    <Deployment runDeploymentRoot="Mark Kamberger_MARKKAMBERGER 2012-08-21 16_27_20">
      <DeploymentItem filename="D:\Projects\CarFareCompare\Packages\NUnit.2.5.10.11092\lib\pnunit.framework.dll" />
      <DeploymentItem filename="D:\Projects\CarFareCompare\Packages\NUnit.2.5.10.11092\lib\nunit.framework.dll" />
      <DeploymentItem filename="D:\Projects\CarFareCompare\Packages\NUnit.2.5.10.11092\lib\nunit.mocks.dll" />
    </Deployment>
    <Execution>
      <TestTypeSpecific />
      <AgentRule name="Execution Agents">
      </AgentRule>
    </Execution>
  </TestSettings>
  <Times creation="2012-08-21T16:27:20.1403588-04:00" queuing="2012-08-21T16:27:20.2933676-04:00" start="2012-08-21T16:27:20.5203806-04:00" finish="2012-08-21T16:37:37.3466610-04:00" />
  <ResultSummary outcome="Completed">
    <Counters total="1" executed="1" passed="0" error="0" failed="0" timeout="0" aborted="0" inconclusive="0" passedButRunAborted="0" notRunnable="0" notExecuted="0" disconnected="0" warning="0" completed="1" inProgress="0" pending="0" />
  </ResultSummary>
  <TestDefinitions>
    <WebTest name="WebTest1" storage="d:\projects\carfarecompare\src\cfc.test.loadandperformance\webtests\webtest1.webtest" id="38e19077-e4b5-4e59-addd-26296168a189" persistedWebTest="77u/PD94bWwgdmVyc2lvbj0iMS4wIiBlbmNvZGluZz0iVVRGLTgiIHN0YW5kYWxvbmU9InllcyI/Pg0KPFdlYlRlc3QgTmFtZT0iV2ViVGVzdDEiIElkPSIzOGUxOTA3Ny1lNGI1LTRlNTktYWRkZC0yNjI5NjE2OGExODkiIE93bmVyPSIiIFByaW9yaXR5PSIyMTQ3NDgzNjQ3IiBFbmFibGVkPSJUcnVlIiBDc3NQcm9qZWN0U3RydWN0dXJlPSIiIENzc0l0ZXJhdGlvbj0iIiBUaW1lb3V0PSIwIiBXb3JrSXRlbUlkcz0iIiB4bWxucz0iaHR0cDovL21pY3Jvc29mdC5jb20vc2NoZW1hcy9WaXN1YWxTdHVkaW8vVGVhbVRlc3QvMjAxMCIgRGVzY3JpcHRpb249IiIgQ3JlZGVudGlhbFVzZXJOYW1lPSIiIENyZWRlbnRpYWxQYXNzd29yZD0iIiBQcmVBdXRoZW50aWNhdGU9IlRydWUiIFByb3h5PSIiIFN0b3BPbkVycm9yPSJGYWxzZSIgUmVjb3JkZWRSZXN1bHRGaWxlPSJXZWJUZXN0MS44MmYwNzJlYy04OGE3LTQyMWYtYjU1Ni1jMjhlNWI4YTBlYjUucmVjLndlYnRlc3RyZXN1bHQiPg0KICA8SXRlbXM+DQogICAgPFJlcXVlc3QgTWV0aG9kPSJHRVQiIFZlcnNpb249IjEuMSIgVXJsPSJodHRwOi8vbG9jYWxob3N0Ojc3ODcvIiBUaGlua1RpbWU9IjAiIFRpbWVvdXQ9IjMwMCIgUGFyc2VEZXBlbmRlbnRSZXF1ZXN0cz0iVHJ1ZSIgRm9sbG93UmVkaXJlY3RzPSJUcnVlIiBSZWNvcmRSZXN1bHQ9IlRydWUiIENhY2hlPSJGYWxzZSIgUmVzcG9uc2VUaW1lR29hbD0iMCIgRW5jb2Rpbmc9InV0Zi04IiBFeHBlY3RlZEh0dHBTdGF0dXNDb2RlPSIwIiBFeHBlY3RlZFJlc3BvbnNlVXJsPSIiIFJlcG9ydGluZ05hbWU9IiI+DQogICAgICA8RGVwZW5kZW50UmVxdWVzdHM+DQogICAgICAgIDxSZXF1ZXN0IE1ldGhvZD0iUE9TVCIgVmVyc2lvbj0iMS4xIiBVcmw9Imh0dHA6Ly9sb2NhbGhvc3Q6Nzc4Ny9Db250ZW50L2pzL2FwcC9jb250cm9sbGVycy9hdXRoY29udHJvbGxlci5qcyIgVGhpbmtUaW1lPSIyIiBUaW1lb3V0PSIzMDAiIFBhcnNlRGVwZW5kZW50UmVxdWVzdHM9IlRydWUiIEZvbGxvd1JlZGlyZWN0cz0iVHJ1ZSIgUmVjb3JkUmVzdWx0PSJUcnVlIiBDYWNoZT0iRmFsc2UiIFJlc3BvbnNlVGltZUdvYWw9IjAiIEVuY29kaW5nPSJ1dGYtOCIgRXhwZWN0ZWRIdHRwU3RhdHVzQ29kZT0iMCIgRXhwZWN0ZWRSZXNwb25zZVVybD0iIiBSZXBvcnRpbmdOYW1lPSIiPg0KICAgICAgICAgIDxIZWFkZXJzPg0KICAgICAgICAgICAgPEhlYWRlciBOYW1lPSJDb250ZW50LVR5cGUiIFZhbHVlPSJhcHBsaWNhdGlvbi94LXd3dy1mb3JtLXVybGVuY29kZWQ7IGNoYXJzZXQ9VVRGLTgiIC8+DQogICAgICAgICAgPC9IZWFkZXJzPg0KICAgICAgICAgIDxRdWVyeVN0cmluZ1BhcmFtZXRlcnM+DQogICAgICAgICAgICA8UXVlcnlTdHJpbmdQYXJhbWV0ZXIgTmFtZT0iXyIgVmFsdWU9IjEzNDU1ODA2NTA4NzkiIFJlY29yZGVkVmFsdWU9IjEzNDU1ODA2NTA4NzkiIENvcnJlbGF0aW9uQmluZGluZz0iIiBVcmxFbmNvZGU9IkZhbHNlIiBVc2VUb0dyb3VwUmVzdWx0cz0iRmFsc2UiIC8+DQogICAgICAgICAgPC9RdWVyeVN0cmluZ1BhcmFtZXRlcnM+DQogICAgICAgICAgPEZvcm1Qb3N0SHR0cEJvZHkgLz4NCiAgICAgICAgPC9SZXF1ZXN0Pg0KICAgICAgPC9EZXBlbmRlbnRSZXF1ZXN0cz4NCiAgICA8L1JlcXVlc3Q+DQogICAgPFJlcXVlc3QgTWV0aG9kPSJQT1NUIiBWZXJzaW9uPSIxLjEiIFVybD0iaHR0cDovL2xvY2FsaG9zdDo3Nzg3L0NvbnRlbnQvanMvYXBwL3ZpZXdzL2xvZ2luLm11c3RhY2hlIiBUaGlua1RpbWU9IjEyIiBUaW1lb3V0PSIzMDAiIFBhcnNlRGVwZW5kZW50UmVxdWVzdHM9IlRydWUiIEZvbGxvd1JlZGlyZWN0cz0iVHJ1ZSIgUmVjb3JkUmVzdWx0PSJUcnVlIiBDYWNoZT0iRmFsc2UiIFJlc3BvbnNlVGltZUdvYWw9IjAiIEVuY29kaW5nPSJ1dGYtOCIgRXhwZWN0ZWRIdHRwU3RhdHVzQ29kZT0iMCIgRXhwZWN0ZWRSZXNwb25zZVVybD0iIiBSZXBvcnRpbmdOYW1lPSIiPg0KICAgICAgPEhlYWRlcnM+DQogICAgICAgIDxIZWFkZXIgTmFtZT0iQ29udGVudC1UeXBlIiBWYWx1ZT0iYXBwbGljYXRpb24veC13d3ctZm9ybS11cmxlbmNvZGVkOyBjaGFyc2V0PVVURi04IiAvPg0KICAgICAgPC9IZWFkZXJzPg0KICAgICAgPEZvcm1Qb3N0SHR0cEJvZHkgLz4NCiAgICA8L1JlcXVlc3Q+DQogICAgPFJlcXVlc3QgTWV0aG9kPSJQT1NUIiBWZXJzaW9uPSIxLjEiIFVybD0iaHR0cDovL2xvY2FsaG9zdDo3Nzg3L0xvZ2luIiBUaGlua1RpbWU9IjAiIFRpbWVvdXQ9IjMwMCIgUGFyc2VEZXBlbmRlbnRSZXF1ZXN0cz0iVHJ1ZSIgRm9sbG93UmVkaXJlY3RzPSJUcnVlIiBSZWNvcmRSZXN1bHQ9IlRydWUiIENhY2hlPSJGYWxzZSIgUmVzcG9uc2VUaW1lR29hbD0iMCIgRW5jb2Rpbmc9InV0Zi04IiBFeHBlY3RlZEh0dHBTdGF0dXNDb2RlPSIwIiBFeHBlY3RlZFJlc3BvbnNlVXJsPSIiIFJlcG9ydGluZ05hbWU9IiI+DQogICAgICA8Rm9ybVBvc3RIdHRwQm9keT4NCiAgICAgICAgPEZvcm1Qb3N0UGFyYW1ldGVyIE5hbWU9IkVtYWlsIiBWYWx1ZT0iZGlzcGF0Y2hlckBjYXJmYXJlY29tcGFyZS5jb20iIFJlY29yZGVkVmFsdWU9ImRpc3BhdGNoZXJAY2FyZmFyZWNvbXBhcmUuY29tIiBDb3JyZWxhdGlvbkJpbmRpbmc9IiIgVXJsRW5jb2RlPSJUcnVlIiAvPg0KICAgICAgICA8Rm9ybVBvc3RQYXJhbWV0ZXIgTmFtZT0iUGFzc3dvcmQiIFZhbHVlPSJ0ZXN0IiBSZWNvcmRlZFZhbHVlPSJ0ZXN0IiBDb3JyZWxhdGlvbkJpbmRpbmc9IiIgVXJsRW5jb2RlPSJUcnVlIiAvPg0KICAgICAgPC9Gb3JtUG9zdEh0dHBCb2R5Pg0KICAgIDwvUmVxdWVzdD4NCiAgICA8UmVxdWVzdCBNZXRob2Q9IkdFVCIgVmVyc2lvbj0iMS4xIiBVcmw9Imh0dHA6Ly9sb2NhbGhvc3Q6Nzc4Ny9EYXNoYm9hcmQiIFRoaW5rVGltZT0iMCIgVGltZW91dD0iMzAwIiBQYXJzZURlcGVuZGVudFJlcXVlc3RzPSJUcnVlIiBGb2xsb3dSZWRpcmVjdHM9IlRydWUiIFJlY29yZFJlc3VsdD0iVHJ1ZSIgQ2FjaGU9IkZhbHNlIiBSZXNwb25zZVRpbWVHb2FsPSIwIiBFbmNvZGluZz0idXRmLTgiIEV4cGVjdGVkSHR0cFN0YXR1c0NvZGU9IjAiIEV4cGVjdGVkUmVzcG9uc2VVcmw9IiIgUmVwb3J0aW5nTmFtZT0iIj4NCiAgICAgIDxEZXBlbmRlbnRSZXF1ZXN0cz4NCiAgICAgICAgPFJlcXVlc3QgTWV0aG9kPSJQT1NUIiBWZXJzaW9uPSIxLjEiIFVybD0iaHR0cDovL2xvY2FsaG9zdDo3Nzg3L0NvbnRlbnQvanMvYXBwL2NvbnRyb2xsZXJzL3RyaXBjb250cm9sbGVyLmpzIiBUaGlua1RpbWU9IjAiIFRpbWVvdXQ9IjMwMCIgUGFyc2VEZXBlbmRlbnRSZXF1ZXN0cz0iVHJ1ZSIgRm9sbG93UmVkaXJlY3RzPSJUcnVlIiBSZWNvcmRSZXN1bHQ9IlRydWUiIENhY2hlPSJGYWxzZSIgUmVzcG9uc2VUaW1lR29hbD0iMCIgRW5jb2Rpbmc9InV0Zi04IiBFeHBlY3RlZEh0dHBTdGF0dXNDb2RlPSIwIiBFeHBlY3RlZFJlc3BvbnNlVXJsPSIiIFJlcG9ydGluZ05hbWU9IiI+DQogICAgICAgICAgPEhlYWRlcnM+DQogICAgICAgICAgICA8SGVhZGVyIE5hbWU9IkNvbnRlbnQtVHlwZSIgVmFsdWU9ImFwcGxpY2F0aW9uL3gtd3d3LWZvcm0tdXJsZW5jb2RlZDsgY2hhcnNldD1VVEYtOCIgLz4NCiAgICAgICAgICA8L0hlYWRlcnM+DQogICAgICAgICAgPFF1ZXJ5U3RyaW5nUGFyYW1ldGVycz4NCiAgICAgICAgICAgIDxRdWVyeVN0cmluZ1BhcmFtZXRlciBOYW1lPSJfIiBWYWx1ZT0iMTM0NTU4MDY2ODY1NiIgUmVjb3JkZWRWYWx1ZT0iMTM0NTU4MDY2ODY1NiIgQ29ycmVsYXRpb25CaW5kaW5nPSIiIFVybEVuY29kZT0iRmFsc2UiIFVzZVRvR3JvdXBSZXN1bHRzPSJGYWxzZSIgLz4NCiAgICAgICAgICA8L1F1ZXJ5U3RyaW5nUGFyYW1ldGVycz4NCiAgICAgICAgICA8Rm9ybVBvc3RIdHRwQm9keSAvPg0KICAgICAgICA8L1JlcXVlc3Q+DQogICAgICAgIDxSZXF1ZXN0IE1ldGhvZD0iUE9TVCIgVmVyc2lvbj0iMS4xIiBVcmw9Imh0dHA6Ly9sb2NhbGhvc3Q6Nzc4Ny9Db250ZW50L2pzL2FwcC9jb250cm9sbGVycy9iaWRjb250cm9sbGVyLmpzIiBUaGlua1RpbWU9IjAiIFRpbWVvdXQ9IjMwMCIgUGFyc2VEZXBlbmRlbnRSZXF1ZXN0cz0iVHJ1ZSIgRm9sbG93UmVkaXJlY3RzPSJUcnVlIiBSZWNvcmRSZXN1bHQ9IlRydWUiIENhY2hlPSJGYWxzZSIgUmVzcG9uc2VUaW1lR29hbD0iMCIgRW5jb2Rpbmc9InV0Zi04IiBFeHBlY3RlZEh0dHBTdGF0dXNDb2RlPSIwIiBFeHBlY3RlZFJlc3BvbnNlVXJsPSIiIFJlcG9ydGluZ05hbWU9IiI+DQogICAgICAgICAgPEhlYWRlcnM+DQogICAgICAgICAgICA8SGVhZGVyIE5hbWU9IkNvbnRlbnQtVHlwZSIgVmFsdWU9ImFwcGxpY2F0aW9uL3gtd3d3LWZvcm0tdXJsZW5jb2RlZDsgY2hhcnNldD1VVEYtOCIgLz4NCiAgICAgICAgICA8L0hlYWRlcnM+DQogICAgICAgICAgPFF1ZXJ5U3RyaW5nUGFyYW1ldGVycz4NCiAgICAgICAgICAgIDxRdWVyeVN0cmluZ1BhcmFtZXRlciBOYW1lPSJfIiBWYWx1ZT0iMTM0NTU4MDY2ODY2MCIgUmVjb3JkZWRWYWx1ZT0iMTM0NTU4MDY2ODY2MCIgQ29ycmVsYXRpb25CaW5kaW5nPSIiIFVybEVuY29kZT0iRmFsc2UiIFVzZVRvR3JvdXBSZXN1bHRzPSJGYWxzZSIgLz4NCiAgICAgICAgICA8L1F1ZXJ5U3RyaW5nUGFyYW1ldGVycz4NCiAgICAgICAgICA8Rm9ybVBvc3RIdHRwQm9keSAvPg0KICAgICAgICA8L1JlcXVlc3Q+DQogICAgICAgIDxSZXF1ZXN0IE1ldGhvZD0iUE9TVCIgVmVyc2lvbj0iMS4xIiBVcmw9Imh0dHA6Ly9sb2NhbGhvc3Q6Nzc4Ny9UcmlwL0N1cnJlbnRUcmlwcyIgVGhpbmtUaW1lPSIwIiBUaW1lb3V0PSIzMDAiIFBhcnNlRGVwZW5kZW50UmVxdWVzdHM9IlRydWUiIEZvbGxvd1JlZGlyZWN0cz0iVHJ1ZSIgUmVjb3JkUmVzdWx0PSJUcnVlIiBDYWNoZT0iRmFsc2UiIFJlc3BvbnNlVGltZUdvYWw9IjAiIEVuY29kaW5nPSJ1dGYtOCIgRXhwZWN0ZWRIdHRwU3RhdHVzQ29kZT0iMCIgRXhwZWN0ZWRSZXNwb25zZVVybD0iIiBSZXBvcnRpbmdOYW1lPSIiPg0KICAgICAgICAgIDxIZWFkZXJzPg0KICAgICAgICAgICAgPEhlYWRlciBOYW1lPSJDb250ZW50LVR5cGUiIFZhbHVlPSJhcHBsaWNhdGlvbi94LXd3dy1mb3JtLXVybGVuY29kZWQ7IGNoYXJzZXQ9VVRGLTgiIC8+DQogICAgICAgICAgPC9IZWFkZXJzPg0KICAgICAgICAgIDxRdWVyeVN0cmluZ1BhcmFtZXRlcnM+DQogICAgICAgICAgICA8UXVlcnlTdHJpbmdQYXJhbWV0ZXIgTmFtZT0iQ3VycmVudFBhZ2UiIFZhbHVlPSIxIiBSZWNvcmRlZFZhbHVlPSIxIiBDb3JyZWxhdGlvbkJpbmRpbmc9IiIgVXJsRW5jb2RlPSJGYWxzZSIgVXNlVG9Hcm91cFJlc3VsdHM9IkZhbHNlIiAvPg0KICAgICAgICAgICAgPFF1ZXJ5U3RyaW5nUGFyYW1ldGVyIE5hbWU9Ik51bVBlclBhZ2UiIFZhbHVlPSIyMDAiIFJlY29yZGVkVmFsdWU9IjIwMCIgQ29ycmVsYXRpb25CaW5kaW5nPSIiIFVybEVuY29kZT0iRmFsc2UiIFVzZVRvR3JvdXBSZXN1bHRzPSJGYWxzZSIgLz4NCiAgICAgICAgICAgIDxRdWVyeVN0cmluZ1BhcmFtZXRlciBOYW1lPSJSYWRpdXMiIFZhbHVlPSI1IiBSZWNvcmRlZFZhbHVlPSI1IiBDb3JyZWxhdGlvbkJpbmRpbmc9IiIgVXJsRW5jb2RlPSJGYWxzZSIgVXNlVG9Hcm91cFJlc3VsdHM9IkZhbHNlIiAvPg0KICAgICAgICAgICAgPFF1ZXJ5U3RyaW5nUGFyYW1ldGVyIE5hbWU9IkluY29taW5nIiBWYWx1ZT0idHJ1ZSIgUmVjb3JkZWRWYWx1ZT0idHJ1ZSIgQ29ycmVsYXRpb25CaW5kaW5nPSIiIFVybEVuY29kZT0iRmFsc2UiIFVzZVRvR3JvdXBSZXN1bHRzPSJGYWxzZSIgLz4NCiAgICAgICAgICAgIDxRdWVyeVN0cmluZ1BhcmFtZXRlciBOYW1lPSJUcmlwU3RhdHVzIiBWYWx1ZT0iQmlkZGluZyIgUmVjb3JkZWRWYWx1ZT0iQmlkZGluZyIgQ29ycmVsYXRpb25CaW5kaW5nPSIiIFVybEVuY29kZT0iRmFsc2UiIFVzZVRvR3JvdXBSZXN1bHRzPSJGYWxzZSIgLz4NCiAgICAgICAgICAgIDxRdWVyeVN0cmluZ1BhcmFtZXRlciBOYW1lPSJTaG93VHJpcEFjdGlvbnMiIFZhbHVlPSJmYWxzZSIgUmVjb3JkZWRWYWx1ZT0iZmFsc2UiIENvcnJlbGF0aW9uQmluZGluZz0iIiBVcmxFbmNvZGU9IkZhbHNlIiBVc2VUb0dyb3VwUmVzdWx0cz0iRmFsc2UiIC8+DQogICAgICAgICAgICA8UXVlcnlTdHJpbmdQYXJhbWV0ZXIgTmFtZT0iU2hvd0JpZEFjdGlvbnMiIFZhbHVlPSJ0cnVlIiBSZWNvcmRlZFZhbHVlPSJ0cnVlIiBDb3JyZWxhdGlvbkJpbmRpbmc9IiIgVXJsRW5jb2RlPSJGYWxzZSIgVXNlVG9Hcm91cFJlc3VsdHM9IkZhbHNlIiAvPg0KICAgICAgICAgICAgPFF1ZXJ5U3RyaW5nUGFyYW1ldGVyIE5hbWU9IlNob3dOb1Nob3dBY3Rpb25zIiBWYWx1ZT0iZmFsc2UiIFJlY29yZGVkVmFsdWU9ImZhbHNlIiBDb3JyZWxhdGlvbkJpbmRpbmc9IiIgVXJsRW5jb2RlPSJGYWxzZSIgVXNlVG9Hcm91cFJlc3VsdHM9IkZhbHNlIiAvPg0KICAgICAgICAgIDwvUXVlcnlTdHJpbmdQYXJhbWV0ZXJzPg0KICAgICAgICAgIDxGb3JtUG9zdEh0dHBCb2R5IC8+DQogICAgICAgIDwvUmVxdWVzdD4NCiAgICAgICAgPFJlcXVlc3QgTWV0aG9kPSJQT1NUIiBWZXJzaW9uPSIxLjEiIFVybD0iaHR0cDovL2xvY2FsaG9zdDo3Nzg3L0JpZC9HZXRVcGRhdGVkQmlkcyIgVGhpbmtUaW1lPSIwIiBUaW1lb3V0PSIzMDAiIFBhcnNlRGVwZW5kZW50UmVxdWVzdHM9IlRydWUiIEZvbGxvd1JlZGlyZWN0cz0iVHJ1ZSIgUmVjb3JkUmVzdWx0PSJUcnVlIiBDYWNoZT0iRmFsc2UiIFJlc3BvbnNlVGltZUdvYWw9IjAiIEVuY29kaW5nPSJ1dGYtOCIgRXhwZWN0ZWRIdHRwU3RhdHVzQ29kZT0iMCIgRXhwZWN0ZWRSZXNwb25zZVVybD0iIiBSZXBvcnRpbmdOYW1lPSIiPg0KICAgICAgICAgIDxIZWFkZXJzPg0KICAgICAgICAgICAgPEhlYWRlciBOYW1lPSJDb250ZW50LVR5cGUiIFZhbHVlPSJhcHBsaWNhdGlvbi94LXd3dy1mb3JtLXVybGVuY29kZWQ7IGNoYXJzZXQ9VVRGLTgiIC8+DQogICAgICAgICAgPC9IZWFkZXJzPg0KICAgICAgICAgIDxRdWVyeVN0cmluZ1BhcmFtZXRlcnM+DQogICAgICAgICAgICA8UXVlcnlTdHJpbmdQYXJhbWV0ZXIgTmFtZT0iQ3VycmVudFBhZ2UiIFZhbHVlPSIxIiBSZWNvcmRlZFZhbHVlPSIxIiBDb3JyZWxhdGlvbkJpbmRpbmc9IiIgVXJsRW5jb2RlPSJGYWxzZSIgVXNlVG9Hcm91cFJlc3VsdHM9IkZhbHNlIiAvPg0KICAgICAgICAgICAgPFF1ZXJ5U3RyaW5nUGFyYW1ldGVyIE5hbWU9IlRyaXBJZCIgVmFsdWU9IjAiIFJlY29yZGVkVmFsdWU9IjAiIENvcnJlbGF0aW9uQmluZGluZz0iIiBVcmxFbmNvZGU9IkZhbHNlIiBVc2VUb0dyb3VwUmVzdWx0cz0iRmFsc2UiIC8+DQogICAgICAgICAgICA8UXVlcnlTdHJpbmdQYXJhbWV0ZXIgTmFtZT0iSW5jb21pbmciIFZhbHVlPSJ0cnVlIiBSZWNvcmRlZFZhbHVlPSJ0cnVlIiBDb3JyZWxhdGlvbkJpbmRpbmc9IiIgVXJsRW5jb2RlPSJGYWxzZSIgVXNlVG9Hcm91cFJlc3VsdHM9IkZhbHNlIiAvPg0KICAgICAgICAgICAgPFF1ZXJ5U3RyaW5nUGFyYW1ldGVyIE5hbWU9IlNob3dCaWRBY3Rpb25zIiBWYWx1ZT0idHJ1ZSIgUmVjb3JkZWRWYWx1ZT0idHJ1ZSIgQ29ycmVsYXRpb25CaW5kaW5nPSIiIFVybEVuY29kZT0iRmFsc2UiIFVzZVRvR3JvdXBSZXN1bHRzPSJGYWxzZSIgLz4NCiAgICAgICAgICA8L1F1ZXJ5U3RyaW5nUGFyYW1ldGVycz4NCiAgICAgICAgICA8Rm9ybVBvc3RIdHRwQm9keSAvPg0KICAgICAgICA8L1JlcXVlc3Q+DQogICAgICAgIDxSZXF1ZXN0IE1ldGhvZD0iUE9TVCIgVmVyc2lvbj0iMS4xIiBVcmw9Imh0dHA6Ly9sb2NhbGhvc3Q6Nzc4Ny9Db250ZW50L2pzL2FwcC9jb250cm9sbGVycy9hdXRoY29udHJvbGxlci5qcyIgVGhpbmtUaW1lPSIwIiBUaW1lb3V0PSIzMDAiIFBhcnNlRGVwZW5kZW50UmVxdWVzdHM9IlRydWUiIEZvbGxvd1JlZGlyZWN0cz0iVHJ1ZSIgUmVjb3JkUmVzdWx0PSJUcnVlIiBDYWNoZT0iRmFsc2UiIFJlc3BvbnNlVGltZUdvYWw9IjAiIEVuY29kaW5nPSJ1dGYtOCIgRXhwZWN0ZWRIdHRwU3RhdHVzQ29kZT0iMCIgRXhwZWN0ZWRSZXNwb25zZVVybD0iIiBSZXBvcnRpbmdOYW1lPSIiPg0KICAgICAgICAgIDxIZWFkZXJzPg0KICAgICAgICAgICAgPEhlYWRlciBOYW1lPSJDb250ZW50LVR5cGUiIFZhbHVlPSJhcHBsaWNhdGlvbi94LXd3dy1mb3JtLXVybGVuY29kZWQ7IGNoYXJzZXQ9VVRGLTgiIC8+DQogICAgICAgICAgPC9IZWFkZXJzPg0KICAgICAgICAgIDxRdWVyeVN0cmluZ1BhcmFtZXRlcnM+DQogICAgICAgICAgICA8UXVlcnlTdHJpbmdQYXJhbWV0ZXIgTmFtZT0iXyIgVmFsdWU9IjEzNDU1ODA2NjkwNTUiIFJlY29yZGVkVmFsdWU9IjEzNDU1ODA2NjkwNTUiIENvcnJlbGF0aW9uQmluZGluZz0iIiBVcmxFbmNvZGU9IkZhbHNlIiBVc2VUb0dyb3VwUmVzdWx0cz0iRmFsc2UiIC8+DQogICAgICAgICAgPC9RdWVyeVN0cmluZ1BhcmFtZXRlcnM+DQogICAgICAgICAgPEZvcm1Qb3N0SHR0cEJvZHkgLz4NCiAgICAgICAgPC9SZXF1ZXN0Pg0KICAgICAgPC9EZXBlbmRlbnRSZXF1ZXN0cz4NCiAgICA8L1JlcXVlc3Q+DQogICAgPFJlcXVlc3QgTWV0aG9kPSJHRVQiIFZlcnNpb249IjEuMSIgVXJsPSJodHRwOi8vbWFwcy5nb29nbGVhcGlzLmNvbS9tYXBzL2FwaS9qcy9WaWV3cG9ydEluZm9TZXJ2aWNlLkdldFZpZXdwb3J0SW5mbyIgVGhpbmtUaW1lPSIwIiBUaW1lb3V0PSIzMDAiIFBhcnNlRGVwZW5kZW50UmVxdWVzdHM9IlRydWUiIEZvbGxvd1JlZGlyZWN0cz0iVHJ1ZSIgUmVjb3JkUmVzdWx0PSJUcnVlIiBDYWNoZT0iRmFsc2UiIFJlc3BvbnNlVGltZUdvYWw9IjAiIEVuY29kaW5nPSJ1dGYtOCIgRXhwZWN0ZWRIdHRwU3RhdHVzQ29kZT0iMCIgRXhwZWN0ZWRSZXNwb25zZVVybD0iIiBSZXBvcnRpbmdOYW1lPSIiPg0KICAgICAgPFF1ZXJ5U3RyaW5nUGFyYW1ldGVycz4NCiAgICAgICAgPFF1ZXJ5U3RyaW5nUGFyYW1ldGVyIE5hbWU9IiIgVmFsdWU9IjFtNiIgUmVjb3JkZWRWYWx1ZT0iMW02IiBDb3JyZWxhdGlvbkJpbmRpbmc9IiIgVXJsRW5jb2RlPSJGYWxzZSIgVXNlVG9Hcm91cFJlc3VsdHM9IkZhbHNlIiAvPg0KICAgICAgICA8UXVlcnlTdHJpbmdQYXJhbWV0ZXIgTmFtZT0iIiBWYWx1ZT0iMW0yIiBSZWNvcmRlZFZhbHVlPSIxbTIiIENvcnJlbGF0aW9uQmluZGluZz0iIiBVcmxFbmNvZGU9IkZhbHNlIiBVc2VUb0dyb3VwUmVzdWx0cz0iRmFsc2UiIC8+DQogICAgICAgIDxRdWVyeVN0cmluZ1BhcmFtZXRlciBOYW1lPSIiIFZhbHVlPSIxZDM0Ljk0Nzg1NzI5Nzk4ODgwNCIgUmVjb3JkZWRWYWx1ZT0iMWQzNC45NDc4NTcyOTc5ODg4MDQiIENvcnJlbGF0aW9uQmluZGluZz0iIiBVcmxFbmNvZGU9IkZhbHNlIiBVc2VUb0dyb3VwUmVzdWx0cz0iRmFsc2UiIC8+DQogICAgICAgIDxRdWVyeVN0cmluZ1BhcmFtZXRlciBOYW1lPSIiIFZhbHVlPSIyZC04OC42NzM2Njc3NzEwMTYzNyIgUmVjb3JkZWRWYWx1ZT0iMmQtODguNjczNjY3NzcxMDE2MzciIENvcnJlbGF0aW9uQmluZGluZz0iIiBVcmxFbmNvZGU9IkZhbHNlIiBVc2VUb0dyb3VwUmVzdWx0cz0iRmFsc2UiIC8+DQogICAgICAgIDxRdWVyeVN0cmluZ1BhcmFtZXRlciBOYW1lPSIiIFZhbHVlPSIybTIiIFJlY29yZGVkVmFsdWU9IjJtMiIgQ29ycmVsYXRpb25CaW5kaW5nPSIiIFVybEVuY29kZT0iRmFsc2UiIFVzZVRvR3JvdXBSZXN1bHRzPSJGYWxzZSIgLz4NCiAgICAgICAgPFF1ZXJ5U3RyaW5nUGFyYW1ldGVyIE5hbWU9IiIgVmFsdWU9IjFkNDMuMDMyODA5MzU5NDYzODI2IiBSZWNvcmRlZFZhbHVlPSIxZDQzLjAzMjgwOTM1OTQ2MzgyNiIgQ29ycmVsYXRpb25CaW5kaW5nPSIiIFVybEVuY29kZT0iRmFsc2UiIFVzZVRvR3JvdXBSZXN1bHRzPSJGYWxzZSIgLz4NCiAgICAgICAgPFF1ZXJ5U3RyaW5nUGFyYW1ldGVyIE5hbWU9IiIgVmFsdWU9IjJkLTY1LjQ2MjAzMTIwNzQyNjc3IiBSZWNvcmRlZFZhbHVlPSIyZC02NS40NjIwMzEyMDc0MjY3NyIgQ29ycmVsYXRpb25CaW5kaW5nPSIiIFVybEVuY29kZT0iRmFsc2UiIFVzZVRvR3JvdXBSZXN1bHRzPSJGYWxzZSIgLz4NCiAgICAgICAgPFF1ZXJ5U3RyaW5nUGFyYW1ldGVyIE5hbWU9IiIgVmFsdWU9IjJ1OCIgUmVjb3JkZWRWYWx1ZT0iMnU4IiBDb3JyZWxhdGlvbkJpbmRpbmc9IiIgVXJsRW5jb2RlPSJGYWxzZSIgVXNlVG9Hcm91cFJlc3VsdHM9IkZhbHNlIiAvPg0KICAgICAgICA8UXVlcnlTdHJpbmdQYXJhbWV0ZXIgTmFtZT0iIiBWYWx1ZT0iNHNlbi1VUyIgUmVjb3JkZWRWYWx1ZT0iNHNlbi1VUyIgQ29ycmVsYXRpb25CaW5kaW5nPSIiIFVybEVuY29kZT0iRmFsc2UiIFVzZVRvR3JvdXBSZXN1bHRzPSJGYWxzZSIgLz4NCiAgICAgICAgPFF1ZXJ5U3RyaW5nUGFyYW1ldGVyIE5hbWU9IiIgVmFsdWU9IjVlMCIgUmVjb3JkZWRWYWx1ZT0iNWUwIiBDb3JyZWxhdGlvbkJpbmRpbmc9IiIgVXJsRW5jb2RlPSJGYWxzZSIgVXNlVG9Hcm91cFJlc3VsdHM9IkZhbHNlIiAvPg0KICAgICAgICA8UXVlcnlTdHJpbmdQYXJhbWV0ZXIgTmFtZT0iIiBWYWx1ZT0iNnNtJTQwMTgzMDAwMDAwIiBSZWNvcmRlZFZhbHVlPSI2c20lNDAxODMwMDAwMDAiIENvcnJlbGF0aW9uQmluZGluZz0iIiBVcmxFbmNvZGU9IkZhbHNlIiBVc2VUb0dyb3VwUmVzdWx0cz0iRmFsc2UiIC8+DQogICAgICAgIDxRdWVyeVN0cmluZ1BhcmFtZXRlciBOYW1lPSIiIFZhbHVlPSI3YjAiIFJlY29yZGVkVmFsdWU9IjdiMCIgQ29ycmVsYXRpb25CaW5kaW5nPSIiIFVybEVuY29kZT0iRmFsc2UiIFVzZVRvR3JvdXBSZXN1bHRzPSJGYWxzZSIgLz4NCiAgICAgICAgPFF1ZXJ5U3RyaW5nUGFyYW1ldGVyIE5hbWU9IiIgVmFsdWU9IjhlMCIgUmVjb3JkZWRWYWx1ZT0iOGUwIiBDb3JyZWxhdGlvbkJpbmRpbmc9IiIgVXJsRW5jb2RlPSJGYWxzZSIgVXNlVG9Hcm91cFJlc3VsdHM9IkZhbHNlIiAvPg0KICAgICAgICA8UXVlcnlTdHJpbmdQYXJhbWV0ZXIgTmFtZT0iIiBWYWx1ZT0iOWIwIiBSZWNvcmRlZFZhbHVlPSI5YjAiIENvcnJlbGF0aW9uQmluZGluZz0iIiBVcmxFbmNvZGU9IkZhbHNlIiBVc2VUb0dyb3VwUmVzdWx0cz0iRmFsc2UiIC8+DQogICAgICAgIDxRdWVyeVN0cmluZ1BhcmFtZXRlciBOYW1lPSJjYWxsYmFjayIgVmFsdWU9Il94ZGNfLl9yY2JoYTYiIFJlY29yZGVkVmFsdWU9Il94ZGNfLl9yY2JoYTYiIENvcnJlbGF0aW9uQmluZGluZz0iIiBVcmxFbmNvZGU9IkZhbHNlIiBVc2VUb0dyb3VwUmVzdWx0cz0iRmFsc2UiIC8+DQogICAgICAgIDxRdWVyeVN0cmluZ1BhcmFtZXRlciBOYW1lPSJ0b2tlbiIgVmFsdWU9IjcyMTk4IiBSZWNvcmRlZFZhbHVlPSI3MjE5OCIgQ29ycmVsYXRpb25CaW5kaW5nPSIiIFVybEVuY29kZT0iRmFsc2UiIFVzZVRvR3JvdXBSZXN1bHRzPSJGYWxzZSIgLz4NCiAgICAgIDwvUXVlcnlTdHJpbmdQYXJhbWV0ZXJzPg0KICAgIDwvUmVxdWVzdD4NCiAgICA8UmVxdWVzdCBNZXRob2Q9IkdFVCIgVmVyc2lvbj0iMS4xIiBVcmw9Imh0dHA6Ly9tdDAuZ29vZ2xlYXBpcy5jb20vbWFwc2x0L2Z0IiBUaGlua1RpbWU9IjAiIFRpbWVvdXQ9IjMwMCIgUGFyc2VEZXBlbmRlbnRSZXF1ZXN0cz0iVHJ1ZSIgRm9sbG93UmVkaXJlY3RzPSJUcnVlIiBSZWNvcmRSZXN1bHQ9IlRydWUiIENhY2hlPSJGYWxzZSIgUmVzcG9uc2VUaW1lR29hbD0iMCIgRW5jb2Rpbmc9InV0Zi04IiBFeHBlY3RlZEh0dHBTdGF0dXNDb2RlPSIwIiBFeHBlY3RlZFJlc3BvbnNlVXJsPSIiIFJlcG9ydGluZ05hbWU9IiI+DQogICAgICA8UXVlcnlTdHJpbmdQYXJhbWV0ZXJzPg0KICAgICAgICA8UXVlcnlTdHJpbmdQYXJhbWV0ZXIgTmFtZT0iaGwiIFZhbHVlPSJlbi1VUyIgUmVjb3JkZWRWYWx1ZT0iZW4tVVMiIENvcnJlbGF0aW9uQmluZGluZz0iIiBVcmxFbmNvZGU9IkZhbHNlIiBVc2VUb0dyb3VwUmVzdWx0cz0iRmFsc2UiIC8+DQogICAgICAgIDxRdWVyeVN0cmluZ1BhcmFtZXRlciBOYW1lPSJseXJzIiBWYWx1ZT0ibSU0MDE4MzAwMDAwMCU3Q3NhbHQlM0ExOTA4Nzc2MDYiIFJlY29yZGVkVmFsdWU9Im0lNDAxODMwMDAwMDAlN0NzYWx0JTNBMTkwODc3NjA2IiBDb3JyZWxhdGlvbkJpbmRpbmc9IiIgVXJsRW5jb2RlPSJGYWxzZSIgVXNlVG9Hcm91cFJlc3VsdHM9IkZhbHNlIiAvPg0KICAgICAgICA8UXVlcnlTdHJpbmdQYXJhbWV0ZXIgTmFtZT0ibGFzIiBWYWx1ZT0idHd1dHR2dnQsdHd1dHR2dnUsdHd1dHR2dnYsdHd1dHR2dncsdHd1dHR2d3QsdHd1dHR2d3UsdHd1dHR2d3YsdHd1dHR2d3csdHd1dHZ0dHQsdHd1dHZ0dHUsdHd1dHZ0dHYsdHd1dHZ0dHcsdHd1dHZ0dXQsdHd1dHZ0dXUsdHd1dHZ0dXYsdHd1dHZ0dXcsdHd1dHZ0dnQsdHd1dHZ0dnUsdHd1dHZ0dnYsdHd1dHZ0dncsdHd1dHZ0d3QsdHd1dHZ0d3UsdHd1dHZ0d3YsdHd1dHZ0d3csdHd1dHZ2dHQiIFJlY29yZGVkVmFsdWU9InR3dXR0dnZ0LHR3dXR0dnZ1LHR3dXR0dnZ2LHR3dXR0dnZ3LHR3dXR0dnd0LHR3dXR0dnd1LHR3dXR0dnd2LHR3dXR0dnd3LHR3dXR2dHR0LHR3dXR2dHR1LHR3dXR2dHR2LHR3dXR2dHR3LHR3dXR2dHV0LHR3dXR2dHV1LHR3dXR2dHV2LHR3dXR2dHV3LHR3dXR2dHZ0LHR3dXR2dHZ1LHR3dXR2dHZ2LHR3dXR2dHZ3LHR3dXR2dHd0LHR3dXR2dHd1LHR3dXR2dHd2LHR3dXR2dHd3LHR3dXR2dnR0IiBDb3JyZWxhdGlvbkJpbmRpbmc9IiIgVXJsRW5jb2RlPSJGYWxzZSIgVXNlVG9Hcm91cFJlc3VsdHM9IkZhbHNlIiAvPg0KICAgICAgICA8UXVlcnlTdHJpbmdQYXJhbWV0ZXIgTmFtZT0ieiIgVmFsdWU9IjgiIFJlY29yZGVkVmFsdWU9IjgiIENvcnJlbGF0aW9uQmluZGluZz0iIiBVcmxFbmNvZGU9IkZhbHNlIiBVc2VUb0dyb3VwUmVzdWx0cz0iRmFsc2UiIC8+DQogICAgICAgIDxRdWVyeVN0cmluZ1BhcmFtZXRlciBOYW1lPSJzcmMiIFZhbHVlPSJhcGl2MyIgUmVjb3JkZWRWYWx1ZT0iYXBpdjMiIENvcnJlbGF0aW9uQmluZGluZz0iIiBVcmxFbmNvZGU9IkZhbHNlIiBVc2VUb0dyb3VwUmVzdWx0cz0iRmFsc2UiIC8+DQogICAgICAgIDxRdWVyeVN0cmluZ1BhcmFtZXRlciBOYW1lPSJ4YyIgVmFsdWU9IjEiIFJlY29yZGVkVmFsdWU9IjEiIENvcnJlbGF0aW9uQmluZGluZz0iIiBVcmxFbmNvZGU9IkZhbHNlIiBVc2VUb0dyb3VwUmVzdWx0cz0iRmFsc2UiIC8+DQogICAgICAgIDxRdWVyeVN0cmluZ1BhcmFtZXRlciBOYW1lPSJzdHlsZSIgVmFsdWU9ImFwaSU3Q3NtYXJ0bWFwcyIgUmVjb3JkZWRWYWx1ZT0iYXBpJTdDc21hcnRtYXBzIiBDb3JyZWxhdGlvbkJpbmRpbmc9IiIgVXJsRW5jb2RlPSJGYWxzZSIgVXNlVG9Hcm91cFJlc3VsdHM9IkZhbHNlIiAvPg0KICAgICAgICA8UXVlcnlTdHJpbmdQYXJhbWV0ZXIgTmFtZT0iY2FsbGJhY2siIFZhbHVlPSJfeGRjXy5feTJndHI0IiBSZWNvcmRlZFZhbHVlPSJfeGRjXy5feTJndHI0IiBDb3JyZWxhdGlvbkJpbmRpbmc9IiIgVXJsRW5jb2RlPSJGYWxzZSIgVXNlVG9Hcm91cFJlc3VsdHM9IkZhbHNlIiAvPg0KICAgICAgICA8UXVlcnlTdHJpbmdQYXJhbWV0ZXIgTmFtZT0idG9rZW4iIFZhbHVlPSI3MjI2OCIgUmVjb3JkZWRWYWx1ZT0iNzIyNjgiIENvcnJlbGF0aW9uQmluZGluZz0iIiBVcmxFbmNvZGU9IkZhbHNlIiBVc2VUb0dyb3VwUmVzdWx0cz0iRmFsc2UiIC8+DQogICAgICA8L1F1ZXJ5U3RyaW5nUGFyYW1ldGVycz4NCiAgICA8L1JlcXVlc3Q+DQogICAgPFJlcXVlc3QgTWV0aG9kPSJHRVQiIFZlcnNpb249IjEuMSIgVXJsPSJodHRwOi8vbXQxLmdvb2dsZWFwaXMuY29tL21hcHNsdC9mdCIgVGhpbmtUaW1lPSIwIiBUaW1lb3V0PSIzMDAiIFBhcnNlRGVwZW5kZW50UmVxdWVzdHM9IlRydWUiIEZvbGxvd1JlZGlyZWN0cz0iVHJ1ZSIgUmVjb3JkUmVzdWx0PSJUcnVlIiBDYWNoZT0iRmFsc2UiIFJlc3BvbnNlVGltZUdvYWw9IjAiIEVuY29kaW5nPSJ1dGYtOCIgRXhwZWN0ZWRIdHRwU3RhdHVzQ29kZT0iMCIgRXhwZWN0ZWRSZXNwb25zZVVybD0iIiBSZXBvcnRpbmdOYW1lPSIiPg0KICAgICAgPFF1ZXJ5U3RyaW5nUGFyYW1ldGVycz4NCiAgICAgICAgPFF1ZXJ5U3RyaW5nUGFyYW1ldGVyIE5hbWU9ImhsIiBWYWx1ZT0iZW4tVVMiIFJlY29yZGVkVmFsdWU9ImVuLVVTIiBDb3JyZWxhdGlvbkJpbmRpbmc9IiIgVXJsRW5jb2RlPSJGYWxzZSIgVXNlVG9Hcm91cFJlc3VsdHM9IkZhbHNlIiAvPg0KICAgICAgICA8UXVlcnlTdHJpbmdQYXJhbWV0ZXIgTmFtZT0ibHlycyIgVmFsdWU9Im0lNDAxODMwMDAwMDAlN0NzYWx0JTNBMTkwODc3NjA2IiBSZWNvcmRlZFZhbHVlPSJtJTQwMTgzMDAwMDAwJTdDc2FsdCUzQTE5MDg3NzYwNiIgQ29ycmVsYXRpb25CaW5kaW5nPSIiIFVybEVuY29kZT0iRmFsc2UiIFVzZVRvR3JvdXBSZXN1bHRzPSJGYWxzZSIgLz4NCiAgICAgICAgPFF1ZXJ5U3RyaW5nUGFyYW1ldGVyIE5hbWU9ImxhcyIgVmFsdWU9InR3dXR2dnR1LHR3dXR2dnV0LHR3dXR2dnV1IiBSZWNvcmRlZFZhbHVlPSJ0d3V0dnZ0dSx0d3V0dnZ1dCx0d3V0dnZ1dSIgQ29ycmVsYXRpb25CaW5kaW5nPSIiIFVybEVuY29kZT0iRmFsc2UiIFVzZVRvR3JvdXBSZXN1bHRzPSJGYWxzZSIgLz4NCiAgICAgICAgPFF1ZXJ5U3RyaW5nUGFyYW1ldGVyIE5hbWU9InoiIFZhbHVlPSI4IiBSZWNvcmRlZFZhbHVlPSI4IiBDb3JyZWxhdGlvbkJpbmRpbmc9IiIgVXJsRW5jb2RlPSJGYWxzZSIgVXNlVG9Hcm91cFJlc3VsdHM9IkZhbHNlIiAvPg0KICAgICAgICA8UXVlcnlTdHJpbmdQYXJhbWV0ZXIgTmFtZT0ic3JjIiBWYWx1ZT0iYXBpdjMiIFJlY29yZGVkVmFsdWU9ImFwaXYzIiBDb3JyZWxhdGlvbkJpbmRpbmc9IiIgVXJsRW5jb2RlPSJGYWxzZSIgVXNlVG9Hcm91cFJlc3VsdHM9IkZhbHNlIiAvPg0KICAgICAgICA8UXVlcnlTdHJpbmdQYXJhbWV0ZXIgTmFtZT0ieGMiIFZhbHVlPSIxIiBSZWNvcmRlZFZhbHVlPSIxIiBDb3JyZWxhdGlvbkJpbmRpbmc9IiIgVXJsRW5jb2RlPSJGYWxzZSIgVXNlVG9Hcm91cFJlc3VsdHM9IkZhbHNlIiAvPg0KICAgICAgICA8UXVlcnlTdHJpbmdQYXJhbWV0ZXIgTmFtZT0ic3R5bGUiIFZhbHVlPSJhcGklN0NzbWFydG1hcHMiIFJlY29yZGVkVmFsdWU9ImFwaSU3Q3NtYXJ0bWFwcyIgQ29ycmVsYXRpb25CaW5kaW5nPSIiIFVybEVuY29kZT0iRmFsc2UiIFVzZVRvR3JvdXBSZXN1bHRzPSJGYWxzZSIgLz4NCiAgICAgICAgPFF1ZXJ5U3RyaW5nUGFyYW1ldGVyIE5hbWU9ImNhbGxiYWNrIiBWYWx1ZT0iX3hkY18uXzNhbGU4NyIgUmVjb3JkZWRWYWx1ZT0iX3hkY18uXzNhbGU4NyIgQ29ycmVsYXRpb25CaW5kaW5nPSIiIFVybEVuY29kZT0iRmFsc2UiIFVzZVRvR3JvdXBSZXN1bHRzPSJGYWxzZSIgLz4NCiAgICAgICAgPFF1ZXJ5U3RyaW5nUGFyYW1ldGVyIE5hbWU9InRva2VuIiBWYWx1ZT0iMTI3MzAiIFJlY29yZGVkVmFsdWU9IjEyNzMwIiBDb3JyZWxhdGlvbkJpbmRpbmc9IiIgVXJsRW5jb2RlPSJGYWxzZSIgVXNlVG9Hcm91cFJlc3VsdHM9IkZhbHNlIiAvPg0KICAgICAgPC9RdWVyeVN0cmluZ1BhcmFtZXRlcnM+DQogICAgPC9SZXF1ZXN0Pg0KICAgIDxSZXF1ZXN0IE1ldGhvZD0iUE9TVCIgVmVyc2lvbj0iMS4xIiBVcmw9Imh0dHA6Ly9sb2NhbGhvc3Q6Nzc4Ny9Db250ZW50L2pzL2FwcC92aWV3cy90cmlwcy90cmlwbGlzdC5tdXN0YWNoZSIgVGhpbmtUaW1lPSIwIiBUaW1lb3V0PSIzMDAiIFBhcnNlRGVwZW5kZW50UmVxdWVzdHM9IlRydWUiIEZvbGxvd1JlZGlyZWN0cz0iVHJ1ZSIgUmVjb3JkUmVzdWx0PSJUcnVlIiBDYWNoZT0iRmFsc2UiIFJlc3BvbnNlVGltZUdvYWw9IjAiIEVuY29kaW5nPSJ1dGYtOCIgRXhwZWN0ZWRIdHRwU3RhdHVzQ29kZT0iMCIgRXhwZWN0ZWRSZXNwb25zZVVybD0iIiBSZXBvcnRpbmdOYW1lPSIiPg0KICAgICAgPEhlYWRlcnM+DQogICAgICAgIDxIZWFkZXIgTmFtZT0iQ29udGVudC1UeXBlIiBWYWx1ZT0iYXBwbGljYXRpb24veC13d3ctZm9ybS11cmxlbmNvZGVkOyBjaGFyc2V0PVVURi04IiAvPg0KICAgICAgPC9IZWFkZXJzPg0KICAgICAgPEZvcm1Qb3N0SHR0cEJvZHkgLz4NCiAgICA8L1JlcXVlc3Q+DQogICAgPFJlcXVlc3QgTWV0aG9kPSJHRVQiIFZlcnNpb249IjEuMSIgVXJsPSJodHRwOi8vbXQxLmdvb2dsZWFwaXMuY29tL21hcHNsdC9mdCIgVGhpbmtUaW1lPSIwIiBUaW1lb3V0PSIzMDAiIFBhcnNlRGVwZW5kZW50UmVxdWVzdHM9IlRydWUiIEZvbGxvd1JlZGlyZWN0cz0iVHJ1ZSIgUmVjb3JkUmVzdWx0PSJUcnVlIiBDYWNoZT0iRmFsc2UiIFJlc3BvbnNlVGltZUdvYWw9IjAiIEVuY29kaW5nPSJ1dGYtOCIgRXhwZWN0ZWRIdHRwU3RhdHVzQ29kZT0iMCIgRXhwZWN0ZWRSZXNwb25zZVVybD0iIiBSZXBvcnRpbmdOYW1lPSIiPg0KICAgICAgPFF1ZXJ5U3RyaW5nUGFyYW1ldGVycz4NCiAgICAgICAgPFF1ZXJ5U3RyaW5nUGFyYW1ldGVyIE5hbWU9ImhsIiBWYWx1ZT0iZW4tVVMiIFJlY29yZGVkVmFsdWU9ImVuLVVTIiBDb3JyZWxhdGlvbkJpbmRpbmc9IiIgVXJsRW5jb2RlPSJGYWxzZSIgVXNlVG9Hcm91cFJlc3VsdHM9IkZhbHNlIiAvPg0KICAgICAgICA8UXVlcnlTdHJpbmdQYXJhbWV0ZXIgTmFtZT0ibHlycyIgVmFsdWU9Im0lNDAxODMwNTQ5MjklN0NzYWx0JTNBMTkwODc3NjA2IiBSZWNvcmRlZFZhbHVlPSJtJTQwMTgzMDU0OTI5JTdDc2FsdCUzQTE5MDg3NzYwNiIgQ29ycmVsYXRpb25CaW5kaW5nPSIiIFVybEVuY29kZT0iRmFsc2UiIFVzZVRvR3JvdXBSZXN1bHRzPSJGYWxzZSIgLz4NCiAgICAgICAgPFF1ZXJ5U3RyaW5nUGFyYW1ldGVyIE5hbWU9ImxhcyIgVmFsdWU9InR3dXR0dnZ0LHR3dXR0dnZ1LHR3dXR0dnZ2LHR3dXR0dnZ3LHR3dXR0dnd0LHR3dXR0dnd1LHR3dXR0dnd2LHR3dXR0dnd3LHR3dXR2dHR0LHR3dXR2dHR1LHR3dXR2dHR2LHR3dXR2dHR3LHR3dXR2dHV0LHR3dXR2dHV1LHR3dXR2dHV2LHR3dXR2dHV3LHR3dXR2dHZ0LHR3dXR2dHZ1LHR3dXR2dHZ2LHR3dXR2dHZ3LHR3dXR2dHd0LHR3dXR2dHd1LHR3dXR2dHd2LHR3dXR2dHd3LHR3dXR2dnR0IiBSZWNvcmRlZFZhbHVlPSJ0d3V0dHZ2dCx0d3V0dHZ2dSx0d3V0dHZ2dix0d3V0dHZ2dyx0d3V0dHZ3dCx0d3V0dHZ3dSx0d3V0dHZ3dix0d3V0dHZ3dyx0d3V0dnR0dCx0d3V0dnR0dSx0d3V0dnR0dix0d3V0dnR0dyx0d3V0dnR1dCx0d3V0dnR1dSx0d3V0dnR1dix0d3V0dnR1dyx0d3V0dnR2dCx0d3V0dnR2dSx0d3V0dnR2dix0d3V0dnR2dyx0d3V0dnR3dCx0d3V0dnR3dSx0d3V0dnR3dix0d3V0dnR3dyx0d3V0dnZ0dCIgQ29ycmVsYXRpb25CaW5kaW5nPSIiIFVybEVuY29kZT0iRmFsc2UiIFVzZVRvR3JvdXBSZXN1bHRzPSJGYWxzZSIgLz4NCiAgICAgICAgPFF1ZXJ5U3RyaW5nUGFyYW1ldGVyIE5hbWU9InoiIFZhbHVlPSI4IiBSZWNvcmRlZFZhbHVlPSI4IiBDb3JyZWxhdGlvbkJpbmRpbmc9IiIgVXJsRW5jb2RlPSJGYWxzZSIgVXNlVG9Hcm91cFJlc3VsdHM9IkZhbHNlIiAvPg0KICAgICAgICA8UXVlcnlTdHJpbmdQYXJhbWV0ZXIgTmFtZT0ic3JjIiBWYWx1ZT0iYXBpdjMiIFJlY29yZGVkVmFsdWU9ImFwaXYzIiBDb3JyZWxhdGlvbkJpbmRpbmc9IiIgVXJsRW5jb2RlPSJGYWxzZSIgVXNlVG9Hcm91cFJlc3VsdHM9IkZhbHNlIiAvPg0KICAgICAgICA8UXVlcnlTdHJpbmdQYXJhbWV0ZXIgTmFtZT0ieGMiIFZhbHVlPSIxIiBSZWNvcmRlZFZhbHVlPSIxIiBDb3JyZWxhdGlvbkJpbmRpbmc9IiIgVXJsRW5jb2RlPSJGYWxzZSIgVXNlVG9Hcm91cFJlc3VsdHM9IkZhbHNlIiAvPg0KICAgICAgICA8UXVlcnlTdHJpbmdQYXJhbWV0ZXIgTmFtZT0ic3R5bGUiIFZhbHVlPSJhcGklN0NzbWFydG1hcHMiIFJlY29yZGVkVmFsdWU9ImFwaSU3Q3NtYXJ0bWFwcyIgQ29ycmVsYXRpb25CaW5kaW5nPSIiIFVybEVuY29kZT0iRmFsc2UiIFVzZVRvR3JvdXBSZXN1bHRzPSJGYWxzZSIgLz4NCiAgICAgICAgPFF1ZXJ5U3RyaW5nUGFyYW1ldGVyIE5hbWU9ImNhbGxiYWNrIiBWYWx1ZT0iX3hkY18uX2ltYno1NCIgUmVjb3JkZWRWYWx1ZT0iX3hkY18uX2ltYno1NCIgQ29ycmVsYXRpb25CaW5kaW5nPSIiIFVybEVuY29kZT0iRmFsc2UiIFVzZVRvR3JvdXBSZXN1bHRzPSJGYWxzZSIgLz4NCiAgICAgICAgPFF1ZXJ5U3RyaW5nUGFyYW1ldGVyIE5hbWU9InRva2VuIiBWYWx1ZT0iNjMwNjEiIFJlY29yZGVkVmFsdWU9IjYzMDYxIiBDb3JyZWxhdGlvbkJpbmRpbmc9IiIgVXJsRW5jb2RlPSJGYWxzZSIgVXNlVG9Hcm91cFJlc3VsdHM9IkZhbHNlIiAvPg0KICAgICAgPC9RdWVyeVN0cmluZ1BhcmFtZXRlcnM+DQogICAgPC9SZXF1ZXN0Pg0KICAgIDxSZXF1ZXN0IE1ldGhvZD0iR0VUIiBWZXJzaW9uPSIxLjEiIFVybD0iaHR0cDovL210MS5nb29nbGVhcGlzLmNvbS9tYXBzbHQvZnQiIFRoaW5rVGltZT0iMCIgVGltZW91dD0iMzAwIiBQYXJzZURlcGVuZGVudFJlcXVlc3RzPSJUcnVlIiBGb2xsb3dSZWRpcmVjdHM9IlRydWUiIFJlY29yZFJlc3VsdD0iVHJ1ZSIgQ2FjaGU9IkZhbHNlIiBSZXNwb25zZVRpbWVHb2FsPSIwIiBFbmNvZGluZz0idXRmLTgiIEV4cGVjdGVkSHR0cFN0YXR1c0NvZGU9IjAiIEV4cGVjdGVkUmVzcG9uc2VVcmw9IiIgUmVwb3J0aW5nTmFtZT0iIj4NCiAgICAgIDxRdWVyeVN0cmluZ1BhcmFtZXRlcnM+DQogICAgICAgIDxRdWVyeVN0cmluZ1BhcmFtZXRlciBOYW1lPSJobCIgVmFsdWU9ImVuLVVTIiBSZWNvcmRlZFZhbHVlPSJlbi1VUyIgQ29ycmVsYXRpb25CaW5kaW5nPSIiIFVybEVuY29kZT0iRmFsc2UiIFVzZVRvR3JvdXBSZXN1bHRzPSJGYWxzZSIgLz4NCiAgICAgICAgPFF1ZXJ5U3RyaW5nUGFyYW1ldGVyIE5hbWU9Imx5cnMiIFZhbHVlPSJtJTQwMTgzMDU0OTI5JTdDc2FsdCUzQTE5MDg3NzYwNiIgUmVjb3JkZWRWYWx1ZT0ibSU0MDE4MzA1NDkyOSU3Q3NhbHQlM0ExOTA4Nzc2MDYiIENvcnJlbGF0aW9uQmluZGluZz0iIiBVcmxFbmNvZGU9IkZhbHNlIiBVc2VUb0dyb3VwUmVzdWx0cz0iRmFsc2UiIC8+DQogICAgICAgIDxRdWVyeVN0cmluZ1BhcmFtZXRlciBOYW1lPSJsYXMiIFZhbHVlPSJ0d3V0dnZ0dSx0d3V0dnZ1dCx0d3V0dnZ1dSIgUmVjb3JkZWRWYWx1ZT0idHd1dHZ2dHUsdHd1dHZ2dXQsdHd1dHZ2dXUiIENvcnJlbGF0aW9uQmluZGluZz0iIiBVcmxFbmNvZGU9IkZhbHNlIiBVc2VUb0dyb3VwUmVzdWx0cz0iRmFsc2UiIC8+DQogICAgICAgIDxRdWVyeVN0cmluZ1BhcmFtZXRlciBOYW1lPSJ6IiBWYWx1ZT0iOCIgUmVjb3JkZWRWYWx1ZT0iOCIgQ29ycmVsYXRpb25CaW5kaW5nPSIiIFVybEVuY29kZT0iRmFsc2UiIFVzZVRvR3JvdXBSZXN1bHRzPSJGYWxzZSIgLz4NCiAgICAgICAgPFF1ZXJ5U3RyaW5nUGFyYW1ldGVyIE5hbWU9InNyYyIgVmFsdWU9ImFwaXYzIiBSZWNvcmRlZFZhbHVlPSJhcGl2MyIgQ29ycmVsYXRpb25CaW5kaW5nPSIiIFVybEVuY29kZT0iRmFsc2UiIFVzZVRvR3JvdXBSZXN1bHRzPSJGYWxzZSIgLz4NCiAgICAgICAgPFF1ZXJ5U3RyaW5nUGFyYW1ldGVyIE5hbWU9InhjIiBWYWx1ZT0iMSIgUmVjb3JkZWRWYWx1ZT0iMSIgQ29ycmVsYXRpb25CaW5kaW5nPSIiIFVybEVuY29kZT0iRmFsc2UiIFVzZVRvR3JvdXBSZXN1bHRzPSJGYWxzZSIgLz4NCiAgICAgICAgPFF1ZXJ5U3RyaW5nUGFyYW1ldGVyIE5hbWU9InN0eWxlIiBWYWx1ZT0iYXBpJTdDc21hcnRtYXBzIiBSZWNvcmRlZFZhbHVlPSJhcGklN0NzbWFydG1hcHMiIENvcnJlbGF0aW9uQmluZGluZz0iIiBVcmxFbmNvZGU9IkZhbHNlIiBVc2VUb0dyb3VwUmVzdWx0cz0iRmFsc2UiIC8+DQogICAgICAgIDxRdWVyeVN0cmluZ1BhcmFtZXRlciBOYW1lPSJjYWxsYmFjayIgVmFsdWU9Il94ZGNfLl9wd2NodGkiIFJlY29yZGVkVmFsdWU9Il94ZGNfLl9wd2NodGkiIENvcnJlbGF0aW9uQmluZGluZz0iIiBVcmxFbmNvZGU9IkZhbHNlIiBVc2VUb0dyb3VwUmVzdWx0cz0iRmFsc2UiIC8+DQogICAgICAgIDxRdWVyeVN0cmluZ1BhcmFtZXRlciBOYW1lPSJ0b2tlbiIgVmFsdWU9IjEwMjE3NyIgUmVjb3JkZWRWYWx1ZT0iMTAyMTc3IiBDb3JyZWxhdGlvbkJpbmRpbmc9IiIgVXJsRW5jb2RlPSJGYWxzZSIgVXNlVG9Hcm91cFJlc3VsdHM9IkZhbHNlIiAvPg0KICAgICAgPC9RdWVyeVN0cmluZ1BhcmFtZXRlcnM+DQogICAgPC9SZXF1ZXN0Pg0KICAgIDxSZXF1ZXN0IE1ldGhvZD0iUE9TVCIgVmVyc2lvbj0iMS4xIiBVcmw9Imh0dHA6Ly9sb2NhbGhvc3Q6Nzc4Ny9Db250ZW50L2pzL2FwcC92aWV3cy9iaWRzL2JpZGxpc3QubXVzdGFjaGUiIFRoaW5rVGltZT0iMSIgVGltZW91dD0iMzAwIiBQYXJzZURlcGVuZGVudFJlcXVlc3RzPSJUcnVlIiBGb2xsb3dSZWRpcmVjdHM9IlRydWUiIFJlY29yZFJlc3VsdD0iVHJ1ZSIgQ2FjaGU9IkZhbHNlIiBSZXNwb25zZVRpbWVHb2FsPSIwIiBFbmNvZGluZz0idXRmLTgiIEV4cGVjdGVkSHR0cFN0YXR1c0NvZGU9IjAiIEV4cGVjdGVkUmVzcG9uc2VVcmw9IiIgUmVwb3J0aW5nTmFtZT0iIj4NCiAgICAgIDxIZWFkZXJzPg0KICAgICAgICA8SGVhZGVyIE5hbWU9IkNvbnRlbnQtVHlwZSIgVmFsdWU9ImFwcGxpY2F0aW9uL3gtd3d3LWZvcm0tdXJsZW5jb2RlZDsgY2hhcnNldD1VVEYtOCIgLz4NCiAgICAgIDwvSGVhZGVycz4NCiAgICAgIDxGb3JtUG9zdEh0dHBCb2R5IC8+DQogICAgPC9SZXF1ZXN0Pg0KICAgIDxSZXF1ZXN0IE1ldGhvZD0iR0VUIiBWZXJzaW9uPSIxLjEiIFVybD0iaHR0cDovL21hcHMuZ29vZ2xlYXBpcy5jb20vbWFwcy9nZW5fMjA0IiBUaGlua1RpbWU9IjAiIFRpbWVvdXQ9IjMwMCIgUGFyc2VEZXBlbmRlbnRSZXF1ZXN0cz0iVHJ1ZSIgRm9sbG93UmVkaXJlY3RzPSJUcnVlIiBSZWNvcmRSZXN1bHQ9IlRydWUiIENhY2hlPSJGYWxzZSIgUmVzcG9uc2VUaW1lR29hbD0iMCIgRW5jb2Rpbmc9InV0Zi04IiBFeHBlY3RlZEh0dHBTdGF0dXNDb2RlPSIwIiBFeHBlY3RlZFJlc3BvbnNlVXJsPSIiIFJlcG9ydGluZ05hbWU9IiI+DQogICAgICA8UXVlcnlTdHJpbmdQYXJhbWV0ZXJzPg0KICAgICAgICA8UXVlcnlTdHJpbmdQYXJhbWV0ZXIgTmFtZT0iZXYiIFZhbHVlPSJhcGlfdmlld3BvcnQiIFJlY29yZGVkVmFsdWU9ImFwaV92aWV3cG9ydCIgQ29ycmVsYXRpb25CaW5kaW5nPSIiIFVybEVuY29kZT0iRmFsc2UiIFVzZVRvR3JvdXBSZXN1bHRzPSJGYWxzZSIgLz4NCiAgICAgICAgPFF1ZXJ5U3RyaW5nUGFyYW1ldGVyIE5hbWU9ImNhZCIgVmFsdWU9InNyYzphcGl2Myx0czoxMzQ1NTgwNjcwMjMzIiBSZWNvcmRlZFZhbHVlPSJzcmM6YXBpdjMsdHM6MTM0NTU4MDY3MDIzMyIgQ29ycmVsYXRpb25CaW5kaW5nPSIiIFVybEVuY29kZT0iRmFsc2UiIFVzZVRvR3JvdXBSZXN1bHRzPSJGYWxzZSIgLz4NCiAgICAgIDwvUXVlcnlTdHJpbmdQYXJhbWV0ZXJzPg0KICAgIDwvUmVxdWVzdD4NCiAgICA8UmVxdWVzdCBNZXRob2Q9IkdFVCIgVmVyc2lvbj0iMS4xIiBVcmw9Imh0dHA6Ly9tYXBzLmdvb2dsZWFwaXMuY29tL21hcHMvZ2VuXzIwNCIgVGhpbmtUaW1lPSIxIiBUaW1lb3V0PSIzMDAiIFBhcnNlRGVwZW5kZW50UmVxdWVzdHM9IlRydWUiIEZvbGxvd1JlZGlyZWN0cz0iVHJ1ZSIgUmVjb3JkUmVzdWx0PSJUcnVlIiBDYWNoZT0iRmFsc2UiIFJlc3BvbnNlVGltZUdvYWw9IjAiIEVuY29kaW5nPSJ1dGYtOCIgRXhwZWN0ZWRIdHRwU3RhdHVzQ29kZT0iMCIgRXhwZWN0ZWRSZXNwb25zZVVybD0iIiBSZXBvcnRpbmdOYW1lPSIiPg0KICAgICAgPFF1ZXJ5U3RyaW5nUGFyYW1ldGVycz4NCiAgICAgICAgPFF1ZXJ5U3RyaW5nUGFyYW1ldGVyIE5hbWU9ImltcCIgVmFsdWU9InYzcm1pIiBSZWNvcmRlZFZhbHVlPSJ2M3JtaSIgQ29ycmVsYXRpb25CaW5kaW5nPSIiIFVybEVuY29kZT0iRmFsc2UiIFVzZVRvR3JvdXBSZXN1bHRzPSJGYWxzZSIgLz4NCiAgICAgIDwvUXVlcnlTdHJpbmdQYXJhbWV0ZXJzPg0KICAgIDwvUmVxdWVzdD4NCiAgICA8UmVxdWVzdCBNZXRob2Q9IlBPU1QiIFZlcnNpb249IjEuMSIgVXJsPSJodHRwOi8vbG9jYWxob3N0Ojc3ODcvVHJpcC9HZXQiIFRoaW5rVGltZT0iMCIgVGltZW91dD0iMzAwIiBQYXJzZURlcGVuZGVudFJlcXVlc3RzPSJUcnVlIiBGb2xsb3dSZWRpcmVjdHM9IlRydWUiIFJlY29yZFJlc3VsdD0iVHJ1ZSIgQ2FjaGU9IkZhbHNlIiBSZXNwb25zZVRpbWVHb2FsPSIwIiBFbmNvZGluZz0idXRmLTgiIEV4cGVjdGVkSHR0cFN0YXR1c0NvZGU9IjAiIEV4cGVjdGVkUmVzcG9uc2VVcmw9IiIgUmVwb3J0aW5nTmFtZT0iIj4NCiAgICAgIDxIZWFkZXJzPg0KICAgICAgICA8SGVhZGVyIE5hbWU9IkNvbnRlbnQtVHlwZSIgVmFsdWU9ImFwcGxpY2F0aW9uL3gtd3d3LWZvcm0tdXJsZW5jb2RlZDsgY2hhcnNldD1VVEYtOCIgLz4NCiAgICAgIDwvSGVhZGVycz4NCiAgICAgIDxRdWVyeVN0cmluZ1BhcmFtZXRlcnM+DQogICAgICAgIDxRdWVyeVN0cmluZ1BhcmFtZXRlciBOYW1lPSJDdXJyZW50UGFnZSIgVmFsdWU9IjEiIFJlY29yZGVkVmFsdWU9IjEiIENvcnJlbGF0aW9uQmluZGluZz0iIiBVcmxFbmNvZGU9IkZhbHNlIiBVc2VUb0dyb3VwUmVzdWx0cz0iRmFsc2UiIC8+DQogICAgICAgIDxRdWVyeVN0cmluZ1BhcmFtZXRlciBOYW1lPSJOdW1QZXJQYWdlIiBWYWx1ZT0iMjAwIiBSZWNvcmRlZFZhbHVlPSIyMDAiIENvcnJlbGF0aW9uQmluZGluZz0iIiBVcmxFbmNvZGU9IkZhbHNlIiBVc2VUb0dyb3VwUmVzdWx0cz0iRmFsc2UiIC8+DQogICAgICAgIDxRdWVyeVN0cmluZ1BhcmFtZXRlciBOYW1lPSJSYWRpdXMiIFZhbHVlPSI1IiBSZWNvcmRlZFZhbHVlPSI1IiBDb3JyZWxhdGlvbkJpbmRpbmc9IiIgVXJsRW5jb2RlPSJGYWxzZSIgVXNlVG9Hcm91cFJlc3VsdHM9IkZhbHNlIiAvPg0KICAgICAgICA8UXVlcnlTdHJpbmdQYXJhbWV0ZXIgTmFtZT0iSW5jb21pbmciIFZhbHVlPSJ0cnVlIiBSZWNvcmRlZFZhbHVlPSJ0cnVlIiBDb3JyZWxhdGlvbkJpbmRpbmc9IiIgVXJsRW5jb2RlPSJGYWxzZSIgVXNlVG9Hcm91cFJlc3VsdHM9IkZhbHNlIiAvPg0KICAgICAgICA8UXVlcnlTdHJpbmdQYXJhbWV0ZXIgTmFtZT0iVHJpcFN0YXR1cyIgVmFsdWU9Im51bGwiIFJlY29yZGVkVmFsdWU9Im51bGwiIENvcnJlbGF0aW9uQmluZGluZz0iIiBVcmxFbmNvZGU9IkZhbHNlIiBVc2VUb0dyb3VwUmVzdWx0cz0iRmFsc2UiIC8+DQogICAgICAgIDxRdWVyeVN0cmluZ1BhcmFtZXRlciBOYW1lPSJTaG93VHJpcEFjdGlvbnMiIFZhbHVlPSJmYWxzZSIgUmVjb3JkZWRWYWx1ZT0iZmFsc2UiIENvcnJlbGF0aW9uQmluZGluZz0iIiBVcmxFbmNvZGU9IkZhbHNlIiBVc2VUb0dyb3VwUmVzdWx0cz0iRmFsc2UiIC8+DQogICAgICAgIDxRdWVyeVN0cmluZ1BhcmFtZXRlciBOYW1lPSJTaG93QmlkQWN0aW9ucyIgVmFsdWU9InRydWUiIFJlY29yZGVkVmFsdWU9InRydWUiIENvcnJlbGF0aW9uQmluZGluZz0iIiBVcmxFbmNvZGU9IkZhbHNlIiBVc2VUb0dyb3VwUmVzdWx0cz0iRmFsc2UiIC8+DQogICAgICAgIDxRdWVyeVN0cmluZ1BhcmFtZXRlciBOYW1lPSJTaG93Tm9TaG93QWN0aW9ucyIgVmFsdWU9ImZhbHNlIiBSZWNvcmRlZFZhbHVlPSJmYWxzZSIgQ29ycmVsYXRpb25CaW5kaW5nPSIiIFVybEVuY29kZT0iRmFsc2UiIFVzZVRvR3JvdXBSZXN1bHRzPSJGYWxzZSIgLz4NCiAgICAgICAgPFF1ZXJ5U3RyaW5nUGFyYW1ldGVyIE5hbWU9Ikxhc3RVcGRhdGVkIiBWYWx1ZT0iMjAxMi0wOC0yMSsyMCUzQTI0JTNBMjgiIFJlY29yZGVkVmFsdWU9IjIwMTItMDgtMjErMjAlM0EyNCUzQTI4IiBDb3JyZWxhdGlvbkJpbmRpbmc9IiIgVXJsRW5jb2RlPSJGYWxzZSIgVXNlVG9Hcm91cFJlc3VsdHM9IkZhbHNlIiAvPg0KICAgICAgPC9RdWVyeVN0cmluZ1BhcmFtZXRlcnM+DQogICAgICA8Rm9ybVBvc3RIdHRwQm9keSAvPg0KICAgIDwvUmVxdWVzdD4NCiAgICA8UmVxdWVzdCBNZXRob2Q9IkdFVCIgVmVyc2lvbj0iMS4xIiBVcmw9Imh0dHA6Ly9tYXBzLmdvb2dsZWFwaXMuY29tL21hcHMvYXBpL2pzL0F1dGhlbnRpY2F0aW9uU2VydmljZS5BdXRoZW50aWNhdGUiIFRoaW5rVGltZT0iMCIgVGltZW91dD0iMzAwIiBQYXJzZURlcGVuZGVudFJlcXVlc3RzPSJUcnVlIiBGb2xsb3dSZWRpcmVjdHM9IlRydWUiIFJlY29yZFJlc3VsdD0iVHJ1ZSIgQ2FjaGU9IkZhbHNlIiBSZXNwb25zZVRpbWVHb2FsPSIwIiBFbmNvZGluZz0idXRmLTgiIEV4cGVjdGVkSHR0cFN0YXR1c0NvZGU9IjAiIEV4cGVjdGVkUmVzcG9uc2VVcmw9IiIgUmVwb3J0aW5nTmFtZT0iIj4NCiAgICAgIDxRdWVyeVN0cmluZ1BhcmFtZXRlcnM+DQogICAgICAgIDxRdWVyeVN0cmluZ1BhcmFtZXRlciBOYW1lPSIiIFZhbHVlPSIxc2h0dHAlM0ElMkYlMkZsb2NhbGhvc3QlM0E3Nzg3JTJGRGFzaGJvYXJkIiBSZWNvcmRlZFZhbHVlPSIxc2h0dHAlM0ElMkYlMkZsb2NhbGhvc3QlM0E3Nzg3JTJGRGFzaGJvYXJkIiBDb3JyZWxhdGlvbkJpbmRpbmc9IiIgVXJsRW5jb2RlPSJGYWxzZSIgVXNlVG9Hcm91cFJlc3VsdHM9IkZhbHNlIiAvPg0KICAgICAgICA8UXVlcnlTdHJpbmdQYXJhbWV0ZXIgTmFtZT0iIiBWYWx1ZT0iNHNBSXphU3lDOU5INzdwbmczQnlmeUEtVHF6cGFldzNvd1ctOGJPZTQiIFJlY29yZGVkVmFsdWU9IjRzQUl6YVN5QzlOSDc3cG5nM0J5ZnlBLVRxenBhZXczb3dXLThiT2U0IiBDb3JyZWxhdGlvbkJpbmRpbmc9IiIgVXJsRW5jb2RlPSJGYWxzZSIgVXNlVG9Hcm91cFJlc3VsdHM9IkZhbHNlIiAvPg0KICAgICAgICA8UXVlcnlTdHJpbmdQYXJhbWV0ZXIgTmFtZT0iIiBWYWx1ZT0iNWUxIiBSZWNvcmRlZFZhbHVlPSI1ZTEiIENvcnJlbGF0aW9uQmluZGluZz0iIiBVcmxFbmNvZGU9IkZhbHNlIiBVc2VUb0dyb3VwUmVzdWx0cz0iRmFsc2UiIC8+DQogICAgICAgIDxRdWVyeVN0cmluZ1BhcmFtZXRlciBOYW1lPSJjYWxsYmFjayIgVmFsdWU9Il94ZGNfLl80MHVwYnkiIFJlY29yZGVkVmFsdWU9Il94ZGNfLl80MHVwYnkiIENvcnJlbGF0aW9uQmluZGluZz0iIiBVcmxFbmNvZGU9IkZhbHNlIiBVc2VUb0dyb3VwUmVzdWx0cz0iRmFsc2UiIC8+DQogICAgICAgIDxRdWVyeVN0cmluZ1BhcmFtZXRlciBOYW1lPSJ0b2tlbiIgVmFsdWU9IjM3ODAzIiBSZWNvcmRlZFZhbHVlPSIzNzgwMyIgQ29ycmVsYXRpb25CaW5kaW5nPSIiIFVybEVuY29kZT0iRmFsc2UiIFVzZVRvR3JvdXBSZXN1bHRzPSJGYWxzZSIgLz4NCiAgICAgIDwvUXVlcnlTdHJpbmdQYXJhbWV0ZXJzPg0KICAgIDwvUmVxdWVzdD4NCiAgICA8UmVxdWVzdCBNZXRob2Q9IkdFVCIgVmVyc2lvbj0iMS4xIiBVcmw9Imh0dHA6Ly9tYXBzLmdvb2dsZWFwaXMuY29tL21hcHMvZ2VuXzIwNCIgVGhpbmtUaW1lPSIwIiBUaW1lb3V0PSIzMDAiIFBhcnNlRGVwZW5kZW50UmVxdWVzdHM9IlRydWUiIEZvbGxvd1JlZGlyZWN0cz0iVHJ1ZSIgUmVjb3JkUmVzdWx0PSJUcnVlIiBDYWNoZT0iRmFsc2UiIFJlc3BvbnNlVGltZUdvYWw9IjAiIEVuY29kaW5nPSJ1dGYtOCIgRXhwZWN0ZWRIdHRwU3RhdHVzQ29kZT0iMCIgRXhwZWN0ZWRSZXNwb25zZVVybD0iIiBSZXBvcnRpbmdOYW1lPSIiPg0KICAgICAgPFF1ZXJ5U3RyaW5nUGFyYW1ldGVycz4NCiAgICAgICAgPFF1ZXJ5U3RyaW5nUGFyYW1ldGVyIE5hbWU9ImltcCIgVmFsdWU9InNtaW1wcyUzREYyOFVKQnlqbGpULE9ZWGVXUmxqSWd4LEtsMkg3LWhRd1U1LExHbk82d2xhM3hzLElRZWF5TTZJWHBiLEpNNi1RUEFGMHFnLEZiZXQ3ZzNTQXl0LEowa2QzclJ6OUZSLE16ZGtYY21VRDMyJTI2eiUzRDgiIFJlY29yZGVkVmFsdWU9InNtaW1wcyUzREYyOFVKQnlqbGpULE9ZWGVXUmxqSWd4LEtsMkg3LWhRd1U1LExHbk82d2xhM3hzLElRZWF5TTZJWHBiLEpNNi1RUEFGMHFnLEZiZXQ3ZzNTQXl0LEowa2QzclJ6OUZSLE16ZGtYY21VRDMyJTI2eiUzRDgiIENvcnJlbGF0aW9uQmluZGluZz0iIiBVcmxFbmNvZGU9IkZhbHNlIiBVc2VUb0dyb3VwUmVzdWx0cz0iRmFsc2UiIC8+DQogICAgICAgIDxRdWVyeVN0cmluZ1BhcmFtZXRlciBOYW1lPSJjYWQiIFZhbHVlPSJjbGllbnQ6YXBpdjMiIFJlY29yZGVkVmFsdWU9ImNsaWVudDphcGl2MyIgQ29ycmVsYXRpb25CaW5kaW5nPSIiIFVybEVuY29kZT0iRmFsc2UiIFVzZVRvR3JvdXBSZXN1bHRzPSJGYWxzZSIgLz4NCiAgICAgIDwvUXVlcnlTdHJpbmdQYXJhbWV0ZXJzPg0KICAgIDwvUmVxdWVzdD4NCiAgICA8UmVxdWVzdCBNZXRob2Q9IlBPU1QiIFZlcnNpb249IjEuMSIgVXJsPSJodHRwOi8vbG9jYWxob3N0Ojc3ODcvQmlkL0dldFVwZGF0ZWRCaWRzIiBUaGlua1RpbWU9IjAiIFRpbWVvdXQ9IjMwMCIgUGFyc2VEZXBlbmRlbnRSZXF1ZXN0cz0iVHJ1ZSIgRm9sbG93UmVkaXJlY3RzPSJUcnVlIiBSZWNvcmRSZXN1bHQ9IlRydWUiIENhY2hlPSJGYWxzZSIgUmVzcG9uc2VUaW1lR29hbD0iMCIgRW5jb2Rpbmc9InV0Zi04IiBFeHBlY3RlZEh0dHBTdGF0dXNDb2RlPSIwIiBFeHBlY3RlZFJlc3BvbnNlVXJsPSIiIFJlcG9ydGluZ05hbWU9IiI+DQogICAgICA8SGVhZGVycz4NCiAgICAgICAgPEhlYWRlciBOYW1lPSJDb250ZW50LVR5cGUiIFZhbHVlPSJhcHBsaWNhdGlvbi94LXd3dy1mb3JtLXVybGVuY29kZWQ7IGNoYXJzZXQ9VVRGLTgiIC8+DQogICAgICA8L0hlYWRlcnM+DQogICAgICA8UXVlcnlTdHJpbmdQYXJhbWV0ZXJzPg0KICAgICAgICA8UXVlcnlTdHJpbmdQYXJhbWV0ZXIgTmFtZT0iQ3VycmVudFBhZ2UiIFZhbHVlPSIxIiBSZWNvcmRlZFZhbHVlPSIxIiBDb3JyZWxhdGlvbkJpbmRpbmc9IiIgVXJsRW5jb2RlPSJGYWxzZSIgVXNlVG9Hcm91cFJlc3VsdHM9IkZhbHNlIiAvPg0KICAgICAgICA8UXVlcnlTdHJpbmdQYXJhbWV0ZXIgTmFtZT0iVHJpcElkIiBWYWx1ZT0iMCIgUmVjb3JkZWRWYWx1ZT0iMCIgQ29ycmVsYXRpb25CaW5kaW5nPSIiIFVybEVuY29kZT0iRmFsc2UiIFVzZVRvR3JvdXBSZXN1bHRzPSJGYWxzZSIgLz4NCiAgICAgICAgPFF1ZXJ5U3RyaW5nUGFyYW1ldGVyIE5hbWU9IkluY29taW5nIiBWYWx1ZT0idHJ1ZSIgUmVjb3JkZWRWYWx1ZT0idHJ1ZSIgQ29ycmVsYXRpb25CaW5kaW5nPSIiIFVybEVuY29kZT0iRmFsc2UiIFVzZVRvR3JvdXBSZXN1bHRzPSJGYWxzZSIgLz4NCiAgICAgICAgPFF1ZXJ5U3RyaW5nUGFyYW1ldGVyIE5hbWU9IlNob3dCaWRBY3Rpb25zIiBWYWx1ZT0idHJ1ZSIgUmVjb3JkZWRWYWx1ZT0idHJ1ZSIgQ29ycmVsYXRpb25CaW5kaW5nPSIiIFVybEVuY29kZT0iRmFsc2UiIFVzZVRvR3JvdXBSZXN1bHRzPSJGYWxzZSIgLz4NCiAgICAgICAgPFF1ZXJ5U3RyaW5nUGFyYW1ldGVyIE5hbWU9Ikxhc3RVcGRhdGVkIiBWYWx1ZT0iMjAxMi0wOC0yMSsyMCUzQTI0JTNBMjgiIFJlY29yZGVkVmFsdWU9IjIwMTItMDgtMjErMjAlM0EyNCUzQTI4IiBDb3JyZWxhdGlvbkJpbmRpbmc9IiIgVXJsRW5jb2RlPSJGYWxzZSIgVXNlVG9Hcm91cFJlc3VsdHM9IkZhbHNlIiAvPg0KICAgICAgPC9RdWVyeVN0cmluZ1BhcmFtZXRlcnM+DQogICAgICA8Rm9ybVBvc3RIdHRwQm9keSAvPg0KICAgIDwvUmVxdWVzdD4NCiAgICA8UmVxdWVzdCBNZXRob2Q9IkdFVCIgVmVyc2lvbj0iMS4xIiBVcmw9Imh0dHA6Ly9jc2kuZ3N0YXRpYy5jb20vY3NpIiBUaGlua1RpbWU9IjIiIFRpbWVvdXQ9IjMwMCIgUGFyc2VEZXBlbmRlbnRSZXF1ZXN0cz0iVHJ1ZSIgRm9sbG93UmVkaXJlY3RzPSJUcnVlIiBSZWNvcmRSZXN1bHQ9IlRydWUiIENhY2hlPSJGYWxzZSIgUmVzcG9uc2VUaW1lR29hbD0iMCIgRW5jb2Rpbmc9InV0Zi04IiBFeHBlY3RlZEh0dHBTdGF0dXNDb2RlPSIwIiBFeHBlY3RlZFJlc3BvbnNlVXJsPSIiIFJlcG9ydGluZ05hbWU9IiI+DQogICAgICA8UXVlcnlTdHJpbmdQYXJhbWV0ZXJzPg0KICAgICAgICA8UXVlcnlTdHJpbmdQYXJhbWV0ZXIgTmFtZT0idiIgVmFsdWU9IjIiIFJlY29yZGVkVmFsdWU9IjIiIENvcnJlbGF0aW9uQmluZGluZz0iIiBVcmxFbmNvZGU9IkZhbHNlIiBVc2VUb0dyb3VwUmVzdWx0cz0iRmFsc2UiIC8+DQogICAgICAgIDxRdWVyeVN0cmluZ1BhcmFtZXRlciBOYW1lPSJzIiBWYWx1ZT0ibWFwc2FwaTMiIFJlY29yZGVkVmFsdWU9Im1hcHNhcGkzIiBDb3JyZWxhdGlvbkJpbmRpbmc9IiIgVXJsRW5jb2RlPSJGYWxzZSIgVXNlVG9Hcm91cFJlc3VsdHM9IkZhbHNlIiAvPg0KICAgICAgICA8UXVlcnlTdHJpbmdQYXJhbWV0ZXIgTmFtZT0iYWN0aW9uIiBWYWx1ZT0iYXBpYm9vdCIgUmVjb3JkZWRWYWx1ZT0iYXBpYm9vdCIgQ29ycmVsYXRpb25CaW5kaW5nPSIiIFVybEVuY29kZT0iRmFsc2UiIFVzZVRvR3JvdXBSZXN1bHRzPSJGYWxzZSIgLz4NCiAgICAgICAgPFF1ZXJ5U3RyaW5nUGFyYW1ldGVyIE5hbWU9InJ0IiBWYWx1ZT0iamwuMTU1LG1jLjM3NyxtYi43NTUsZXAuOTY0LHZ0LjQxNDUscHJ0LjQxNDUscGx0LjM5MjMsbXQuNDE0NyIgUmVjb3JkZWRWYWx1ZT0iamwuMTU1LG1jLjM3NyxtYi43NTUsZXAuOTY0LHZ0LjQxNDUscHJ0LjQxNDUscGx0LjM5MjMsbXQuNDE0NyIgQ29ycmVsYXRpb25CaW5kaW5nPSIiIFVybEVuY29kZT0iRmFsc2UiIFVzZVRvR3JvdXBSZXN1bHRzPSJGYWxzZSIgLz4NCiAgICAgICAgPFF1ZXJ5U3RyaW5nUGFyYW1ldGVyIE5hbWU9InNpemUiIFZhbHVlPSIxMzkxeDYxMCIgUmVjb3JkZWRWYWx1ZT0iMTM5MXg2MTAiIENvcnJlbGF0aW9uQmluZGluZz0iIiBVcmxFbmNvZGU9IkZhbHNlIiBVc2VUb0dyb3VwUmVzdWx0cz0iRmFsc2UiIC8+DQogICAgICAgIDxRdWVyeVN0cmluZ1BhcmFtZXRlciBOYW1lPSJtYXB0eXBlIiBWYWx1ZT0ibSIgUmVjb3JkZWRWYWx1ZT0ibSIgQ29ycmVsYXRpb25CaW5kaW5nPSIiIFVybEVuY29kZT0iRmFsc2UiIFVzZVRvR3JvdXBSZXN1bHRzPSJGYWxzZSIgLz4NCiAgICAgIDwvUXVlcnlTdHJpbmdQYXJhbWV0ZXJzPg0KICAgIDwvUmVxdWVzdD4NCiAgICA8UmVxdWVzdCBNZXRob2Q9IlBPU1QiIFZlcnNpb249IjEuMSIgVXJsPSJodHRwOi8vbG9jYWxob3N0Ojc3ODcvQmlkL0dldFVwZGF0ZWRCaWRzIiBUaGlua1RpbWU9IjEiIFRpbWVvdXQ9IjMwMCIgUGFyc2VEZXBlbmRlbnRSZXF1ZXN0cz0iVHJ1ZSIgRm9sbG93UmVkaXJlY3RzPSJUcnVlIiBSZWNvcmRSZXN1bHQ9IlRydWUiIENhY2hlPSJGYWxzZSIgUmVzcG9uc2VUaW1lR29hbD0iMCIgRW5jb2Rpbmc9InV0Zi04IiBFeHBlY3RlZEh0dHBTdGF0dXNDb2RlPSIwIiBFeHBlY3RlZFJlc3BvbnNlVXJsPSIiIFJlcG9ydGluZ05hbWU9IiI+DQogICAgICA8SGVhZGVycz4NCiAgICAgICAgPEhlYWRlciBOYW1lPSJDb250ZW50LVR5cGUiIFZhbHVlPSJhcHBsaWNhdGlvbi94LXd3dy1mb3JtLXVybGVuY29kZWQ7IGNoYXJzZXQ9VVRGLTgiIC8+DQogICAgICA8L0hlYWRlcnM+DQogICAgICA8UXVlcnlTdHJpbmdQYXJhbWV0ZXJzPg0KICAgICAgICA8UXVlcnlTdHJpbmdQYXJhbWV0ZXIgTmFtZT0iQ3VycmVudFBhZ2UiIFZhbHVlPSIxIiBSZWNvcmRlZFZhbHVlPSIxIiBDb3JyZWxhdGlvbkJpbmRpbmc9IiIgVXJsRW5jb2RlPSJGYWxzZSIgVXNlVG9Hcm91cFJlc3VsdHM9IkZhbHNlIiAvPg0KICAgICAgICA8UXVlcnlTdHJpbmdQYXJhbWV0ZXIgTmFtZT0iVHJpcElkIiBWYWx1ZT0iMCIgUmVjb3JkZWRWYWx1ZT0iMCIgQ29ycmVsYXRpb25CaW5kaW5nPSIiIFVybEVuY29kZT0iRmFsc2UiIFVzZVRvR3JvdXBSZXN1bHRzPSJGYWxzZSIgLz4NCiAgICAgICAgPFF1ZXJ5U3RyaW5nUGFyYW1ldGVyIE5hbWU9IkluY29taW5nIiBWYWx1ZT0idHJ1ZSIgUmVjb3JkZWRWYWx1ZT0idHJ1ZSIgQ29ycmVsYXRpb25CaW5kaW5nPSIiIFVybEVuY29kZT0iRmFsc2UiIFVzZVRvR3JvdXBSZXN1bHRzPSJGYWxzZSIgLz4NCiAgICAgICAgPFF1ZXJ5U3RyaW5nUGFyYW1ldGVyIE5hbWU9IlNob3dCaWRBY3Rpb25zIiBWYWx1ZT0idHJ1ZSIgUmVjb3JkZWRWYWx1ZT0idHJ1ZSIgQ29ycmVsYXRpb25CaW5kaW5nPSIiIFVybEVuY29kZT0iRmFsc2UiIFVzZVRvR3JvdXBSZXN1bHRzPSJGYWxzZSIgLz4NCiAgICAgICAgPFF1ZXJ5U3RyaW5nUGFyYW1ldGVyIE5hbWU9Ikxhc3RVcGRhdGVkIiBWYWx1ZT0iMjAxMi0wOC0yMSsyMCUzQTI0JTNBMzMiIFJlY29yZGVkVmFsdWU9IjIwMTItMDgtMjErMjAlM0EyNCUzQTMzIiBDb3JyZWxhdGlvbkJpbmRpbmc9IiIgVXJsRW5jb2RlPSJGYWxzZSIgVXNlVG9Hcm91cFJlc3VsdHM9IkZhbHNlIiAvPg0KICAgICAgPC9RdWVyeVN0cmluZ1BhcmFtZXRlcnM+DQogICAgICA8Rm9ybVBvc3RIdHRwQm9keSAvPg0KICAgIDwvUmVxdWVzdD4NCiAgICA8UmVxdWVzdCBNZXRob2Q9IkdFVCIgVmVyc2lvbj0iMS4xIiBVcmw9Imh0dHA6Ly9tYXBzLmdvb2dsZWFwaXMuY29tL21hcHMvYXBpL2pzL1F1b3RhU2VydmljZS5SZWNvcmRFdmVudCIgVGhpbmtUaW1lPSIyIiBUaW1lb3V0PSIzMDAiIFBhcnNlRGVwZW5kZW50UmVxdWVzdHM9IlRydWUiIEZvbGxvd1JlZGlyZWN0cz0iVHJ1ZSIgUmVjb3JkUmVzdWx0PSJUcnVlIiBDYWNoZT0iRmFsc2UiIFJlc3BvbnNlVGltZUdvYWw9IjAiIEVuY29kaW5nPSJ1dGYtOCIgRXhwZWN0ZWRIdHRwU3RhdHVzQ29kZT0iMCIgRXhwZWN0ZWRSZXNwb25zZVVybD0iIiBSZXBvcnRpbmdOYW1lPSIiPg0KICAgICAgPFF1ZXJ5U3RyaW5nUGFyYW1ldGVycz4NCiAgICAgICAgPFF1ZXJ5U3RyaW5nUGFyYW1ldGVyIE5hbWU9IiIgVmFsdWU9IjFzaHR0cCUzQSUyRiUyRmxvY2FsaG9zdCUzQTc3ODclMkZEYXNoYm9hcmQiIFJlY29yZGVkVmFsdWU9IjFzaHR0cCUzQSUyRiUyRmxvY2FsaG9zdCUzQTc3ODclMkZEYXNoYm9hcmQiIENvcnJlbGF0aW9uQmluZGluZz0iIiBVcmxFbmNvZGU9IkZhbHNlIiBVc2VUb0dyb3VwUmVzdWx0cz0iRmFsc2UiIC8+DQogICAgICAgIDxRdWVyeVN0cmluZ1BhcmFtZXRlciBOYW1lPSIiIFZhbHVlPSIzc0FJemFTeUM5Tkg3N3BuZzNCeWZ5QS1UcXpwYWV3M293Vy04Yk9lNCIgUmVjb3JkZWRWYWx1ZT0iM3NBSXphU3lDOU5INzdwbmczQnlmeUEtVHF6cGFldzNvd1ctOGJPZTQiIENvcnJlbGF0aW9uQmluZGluZz0iIiBVcmxFbmNvZGU9IkZhbHNlIiBVc2VUb0dyb3VwUmVzdWx0cz0iRmFsc2UiIC8+DQogICAgICAgIDxRdWVyeVN0cmluZ1BhcmFtZXRlciBOYW1lPSIiIFZhbHVlPSI0ZTEiIFJlY29yZGVkVmFsdWU9IjRlMSIgQ29ycmVsYXRpb25CaW5kaW5nPSIiIFVybEVuY29kZT0iRmFsc2UiIFVzZVRvR3JvdXBSZXN1bHRzPSJGYWxzZSIgLz4NCiAgICAgICAgPFF1ZXJ5U3RyaW5nUGFyYW1ldGVyIE5hbWU9IiIgVmFsdWU9IjVlMCIgUmVjb3JkZWRWYWx1ZT0iNWUwIiBDb3JyZWxhdGlvbkJpbmRpbmc9IiIgVXJsRW5jb2RlPSJGYWxzZSIgVXNlVG9Hcm91cFJlc3VsdHM9IkZhbHNlIiAvPg0KICAgICAgICA8UXVlcnlTdHJpbmdQYXJhbWV0ZXIgTmFtZT0iIiBWYWx1ZT0iNnUxIiBSZWNvcmRlZFZhbHVlPSI2dTEiIENvcnJlbGF0aW9uQmluZGluZz0iIiBVcmxFbmNvZGU9IkZhbHNlIiBVc2VUb0dyb3VwUmVzdWx0cz0iRmFsc2UiIC8+DQogICAgICAgIDxRdWVyeVN0cmluZ1BhcmFtZXRlciBOYW1lPSIiIFZhbHVlPSI3czVmenJ1aCIgUmVjb3JkZWRWYWx1ZT0iN3M1ZnpydWgiIENvcnJlbGF0aW9uQmluZGluZz0iIiBVcmxFbmNvZGU9IkZhbHNlIiBVc2VUb0dyb3VwUmVzdWx0cz0iRmFsc2UiIC8+DQogICAgICAgIDxRdWVyeVN0cmluZ1BhcmFtZXRlciBOYW1lPSJjYWxsYmFjayIgVmFsdWU9Il94ZGNfLl9yOGJ2ZzEiIFJlY29yZGVkVmFsdWU9Il94ZGNfLl9yOGJ2ZzEiIENvcnJlbGF0aW9uQmluZGluZz0iIiBVcmxFbmNvZGU9IkZhbHNlIiBVc2VUb0dyb3VwUmVzdWx0cz0iRmFsc2UiIC8+DQogICAgICAgIDxRdWVyeVN0cmluZ1BhcmFtZXRlciBOYW1lPSJ0b2tlbiIgVmFsdWU9Ijc0MzI2IiBSZWNvcmRlZFZhbHVlPSI3NDMyNiIgQ29ycmVsYXRpb25CaW5kaW5nPSIiIFVybEVuY29kZT0iRmFsc2UiIFVzZVRvR3JvdXBSZXN1bHRzPSJGYWxzZSIgLz4NCiAgICAgIDwvUXVlcnlTdHJpbmdQYXJhbWV0ZXJzPg0KICAgIDwvUmVxdWVzdD4NCiAgICA8UmVxdWVzdCBNZXRob2Q9IlBPU1QiIFZlcnNpb249IjEuMSIgVXJsPSJodHRwOi8vbG9jYWxob3N0Ojc3ODcvQmlkL0dldFVwZGF0ZWRCaWRzIiBUaGlua1RpbWU9IjMiIFRpbWVvdXQ9IjMwMCIgUGFyc2VEZXBlbmRlbnRSZXF1ZXN0cz0iVHJ1ZSIgRm9sbG93UmVkaXJlY3RzPSJUcnVlIiBSZWNvcmRSZXN1bHQ9IlRydWUiIENhY2hlPSJGYWxzZSIgUmVzcG9uc2VUaW1lR29hbD0iMCIgRW5jb2Rpbmc9InV0Zi04IiBFeHBlY3RlZEh0dHBTdGF0dXNDb2RlPSIwIiBFeHBlY3RlZFJlc3BvbnNlVXJsPSIiIFJlcG9ydGluZ05hbWU9IiI+DQogICAgICA8SGVhZGVycz4NCiAgICAgICAgPEhlYWRlciBOYW1lPSJDb250ZW50LVR5cGUiIFZhbHVlPSJhcHBsaWNhdGlvbi94LXd3dy1mb3JtLXVybGVuY29kZWQ7IGNoYXJzZXQ9VVRGLTgiIC8+DQogICAgICA8L0hlYWRlcnM+DQogICAgICA8UXVlcnlTdHJpbmdQYXJhbWV0ZXJzPg0KICAgICAgICA8UXVlcnlTdHJpbmdQYXJhbWV0ZXIgTmFtZT0iQ3VycmVudFBhZ2UiIFZhbHVlPSIxIiBSZWNvcmRlZFZhbHVlPSIxIiBDb3JyZWxhdGlvbkJpbmRpbmc9IiIgVXJsRW5jb2RlPSJGYWxzZSIgVXNlVG9Hcm91cFJlc3VsdHM9IkZhbHNlIiAvPg0KICAgICAgICA8UXVlcnlTdHJpbmdQYXJhbWV0ZXIgTmFtZT0iVHJpcElkIiBWYWx1ZT0iMCIgUmVjb3JkZWRWYWx1ZT0iMCIgQ29ycmVsYXRpb25CaW5kaW5nPSIiIFVybEVuY29kZT0iRmFsc2UiIFVzZVRvR3JvdXBSZXN1bHRzPSJGYWxzZSIgLz4NCiAgICAgICAgPFF1ZXJ5U3RyaW5nUGFyYW1ldGVyIE5hbWU9IkluY29taW5nIiBWYWx1ZT0idHJ1ZSIgUmVjb3JkZWRWYWx1ZT0idHJ1ZSIgQ29ycmVsYXRpb25CaW5kaW5nPSIiIFVybEVuY29kZT0iRmFsc2UiIFVzZVRvR3JvdXBSZXN1bHRzPSJGYWxzZSIgLz4NCiAgICAgICAgPFF1ZXJ5U3RyaW5nUGFyYW1ldGVyIE5hbWU9IlNob3dCaWRBY3Rpb25zIiBWYWx1ZT0idHJ1ZSIgUmVjb3JkZWRWYWx1ZT0idHJ1ZSIgQ29ycmVsYXRpb25CaW5kaW5nPSIiIFVybEVuY29kZT0iRmFsc2UiIFVzZVRvR3JvdXBSZXN1bHRzPSJGYWxzZSIgLz4NCiAgICAgICAgPFF1ZXJ5U3RyaW5nUGFyYW1ldGVyIE5hbWU9Ikxhc3RVcGRhdGVkIiBWYWx1ZT0iMjAxMi0wOC0yMSsyMCUzQTI0JTNBMzYiIFJlY29yZGVkVmFsdWU9IjIwMTItMDgtMjErMjAlM0EyNCUzQTM2IiBDb3JyZWxhdGlvbkJpbmRpbmc9IiIgVXJsRW5jb2RlPSJGYWxzZSIgVXNlVG9Hcm91cFJlc3VsdHM9IkZhbHNlIiAvPg0KICAgICAgPC9RdWVyeVN0cmluZ1BhcmFtZXRlcnM+DQogICAgICA8Rm9ybVBvc3RIdHRwQm9keSAvPg0KICAgIDwvUmVxdWVzdD4NCiAgICA8UmVxdWVzdCBNZXRob2Q9IlBPU1QiIFZlcnNpb249IjEuMSIgVXJsPSJodHRwOi8vbG9jYWxob3N0Ojc3ODcvQmlkL0dldFVwZGF0ZWRCaWRzIiBUaGlua1RpbWU9IjMiIFRpbWVvdXQ9IjMwMCIgUGFyc2VEZXBlbmRlbnRSZXF1ZXN0cz0iVHJ1ZSIgRm9sbG93UmVkaXJlY3RzPSJUcnVlIiBSZWNvcmRSZXN1bHQ9IlRydWUiIENhY2hlPSJGYWxzZSIgUmVzcG9uc2VUaW1lR29hbD0iMCIgRW5jb2Rpbmc9InV0Zi04IiBFeHBlY3RlZEh0dHBTdGF0dXNDb2RlPSIwIiBFeHBlY3RlZFJlc3BvbnNlVXJsPSIiIFJlcG9ydGluZ05hbWU9IiI+DQogICAgICA8SGVhZGVycz4NCiAgICAgICAgPEhlYWRlciBOYW1lPSJDb250ZW50LVR5cGUiIFZhbHVlPSJhcHBsaWNhdGlvbi94LXd3dy1mb3JtLXVybGVuY29kZWQ7IGNoYXJzZXQ9VVRGLTgiIC8+DQogICAgICA8L0hlYWRlcnM+DQogICAgICA8UXVlcnlTdHJpbmdQYXJhbWV0ZXJzPg0KICAgICAgICA8UXVlcnlTdHJpbmdQYXJhbWV0ZXIgTmFtZT0iQ3VycmVudFBhZ2UiIFZhbHVlPSIxIiBSZWNvcmRlZFZhbHVlPSIxIiBDb3JyZWxhdGlvbkJpbmRpbmc9IiIgVXJsRW5jb2RlPSJGYWxzZSIgVXNlVG9Hcm91cFJlc3VsdHM9IkZhbHNlIiAvPg0KICAgICAgICA8UXVlcnlTdHJpbmdQYXJhbWV0ZXIgTmFtZT0iVHJpcElkIiBWYWx1ZT0iMCIgUmVjb3JkZWRWYWx1ZT0iMCIgQ29ycmVsYXRpb25CaW5kaW5nPSIiIFVybEVuY29kZT0iRmFsc2UiIFVzZVRvR3JvdXBSZXN1bHRzPSJGYWxzZSIgLz4NCiAgICAgICAgPFF1ZXJ5U3RyaW5nUGFyYW1ldGVyIE5hbWU9IkluY29taW5nIiBWYWx1ZT0idHJ1ZSIgUmVjb3JkZWRWYWx1ZT0idHJ1ZSIgQ29ycmVsYXRpb25CaW5kaW5nPSIiIFVybEVuY29kZT0iRmFsc2UiIFVzZVRvR3JvdXBSZXN1bHRzPSJGYWxzZSIgLz4NCiAgICAgICAgPFF1ZXJ5U3RyaW5nUGFyYW1ldGVyIE5hbWU9IlNob3dCaWRBY3Rpb25zIiBWYWx1ZT0idHJ1ZSIgUmVjb3JkZWRWYWx1ZT0idHJ1ZSIgQ29ycmVsYXRpb25CaW5kaW5nPSIiIFVybEVuY29kZT0iRmFsc2UiIFVzZVRvR3JvdXBSZXN1bHRzPSJGYWxzZSIgLz4NCiAgICAgICAgPFF1ZXJ5U3RyaW5nUGFyYW1ldGVyIE5hbWU9Ikxhc3RVcGRhdGVkIiBWYWx1ZT0iMjAxMi0wOC0yMSsyMCUzQTI0JTNBMzkiIFJlY29yZGVkVmFsdWU9IjIwMTItMDgtMjErMjAlM0EyNCUzQTM5IiBDb3JyZWxhdGlvbkJpbmRpbmc9IiIgVXJsRW5jb2RlPSJGYWxzZSIgVXNlVG9Hcm91cFJlc3VsdHM9IkZhbHNlIiAvPg0KICAgICAgPC9RdWVyeVN0cmluZ1BhcmFtZXRlcnM+DQogICAgICA8Rm9ybVBvc3RIdHRwQm9keSAvPg0KICAgIDwvUmVxdWVzdD4NCiAgICA8UmVxdWVzdCBNZXRob2Q9IlBPU1QiIFZlcnNpb249IjEuMSIgVXJsPSJodHRwOi8vbG9jYWxob3N0Ojc3ODcvQmlkL0dldFVwZGF0ZWRCaWRzIiBUaGlua1RpbWU9IjMiIFRpbWVvdXQ9IjMwMCIgUGFyc2VEZXBlbmRlbnRSZXF1ZXN0cz0iVHJ1ZSIgRm9sbG93UmVkaXJlY3RzPSJUcnVlIiBSZWNvcmRSZXN1bHQ9IlRydWUiIENhY2hlPSJGYWxzZSIgUmVzcG9uc2VUaW1lR29hbD0iMCIgRW5jb2Rpbmc9InV0Zi04IiBFeHBlY3RlZEh0dHBTdGF0dXNDb2RlPSIwIiBFeHBlY3RlZFJlc3BvbnNlVXJsPSIiIFJlcG9ydGluZ05hbWU9IiI+DQogICAgICA8SGVhZGVycz4NCiAgICAgICAgPEhlYWRlciBOYW1lPSJDb250ZW50LVR5cGUiIFZhbHVlPSJhcHBsaWNhdGlvbi94LXd3dy1mb3JtLXVybGVuY29kZWQ7IGNoYXJzZXQ9VVRGLTgiIC8+DQogICAgICA8L0hlYWRlcnM+DQogICAgICA8UXVlcnlTdHJpbmdQYXJhbWV0ZXJzPg0KICAgICAgICA8UXVlcnlTdHJpbmdQYXJhbWV0ZXIgTmFtZT0iQ3VycmVudFBhZ2UiIFZhbHVlPSIxIiBSZWNvcmRlZFZhbHVlPSIxIiBDb3JyZWxhdGlvbkJpbmRpbmc9IiIgVXJsRW5jb2RlPSJGYWxzZSIgVXNlVG9Hcm91cFJlc3VsdHM9IkZhbHNlIiAvPg0KICAgICAgICA8UXVlcnlTdHJpbmdQYXJhbWV0ZXIgTmFtZT0iVHJpcElkIiBWYWx1ZT0iMCIgUmVjb3JkZWRWYWx1ZT0iMCIgQ29ycmVsYXRpb25CaW5kaW5nPSIiIFVybEVuY29kZT0iRmFsc2UiIFVzZVRvR3JvdXBSZXN1bHRzPSJGYWxzZSIgLz4NCiAgICAgICAgPFF1ZXJ5U3RyaW5nUGFyYW1ldGVyIE5hbWU9IkluY29taW5nIiBWYWx1ZT0idHJ1ZSIgUmVjb3JkZWRWYWx1ZT0idHJ1ZSIgQ29ycmVsYXRpb25CaW5kaW5nPSIiIFVybEVuY29kZT0iRmFsc2UiIFVzZVRvR3JvdXBSZXN1bHRzPSJGYWxzZSIgLz4NCiAgICAgICAgPFF1ZXJ5U3RyaW5nUGFyYW1ldGVyIE5hbWU9IlNob3dCaWRBY3Rpb25zIiBWYWx1ZT0idHJ1ZSIgUmVjb3JkZWRWYWx1ZT0idHJ1ZSIgQ29ycmVsYXRpb25CaW5kaW5nPSIiIFVybEVuY29kZT0iRmFsc2UiIFVzZVRvR3JvdXBSZXN1bHRzPSJGYWxzZSIgLz4NCiAgICAgICAgPFF1ZXJ5U3RyaW5nUGFyYW1ldGVyIE5hbWU9Ikxhc3RVcGRhdGVkIiBWYWx1ZT0iMjAxMi0wOC0yMSsyMCUzQTI0JTNBNDIiIFJlY29yZGVkVmFsdWU9IjIwMTItMDgtMjErMjAlM0EyNCUzQTQyIiBDb3JyZWxhdGlvbkJpbmRpbmc9IiIgVXJsRW5jb2RlPSJGYWxzZSIgVXNlVG9Hcm91cFJlc3VsdHM9IkZhbHNlIiAvPg0KICAgICAgPC9RdWVyeVN0cmluZ1BhcmFtZXRlcnM+DQogICAgICA8Rm9ybVBvc3RIdHRwQm9keSAvPg0KICAgIDwvUmVxdWVzdD4NCiAgICA8UmVxdWVzdCBNZXRob2Q9IlBPU1QiIFZlcnNpb249IjEuMSIgVXJsPSJodHRwOi8vbG9jYWxob3N0Ojc3ODcvQmlkL0dldFVwZGF0ZWRCaWRzIiBUaGlua1RpbWU9IjMiIFRpbWVvdXQ9IjMwMCIgUGFyc2VEZXBlbmRlbnRSZXF1ZXN0cz0iVHJ1ZSIgRm9sbG93UmVkaXJlY3RzPSJUcnVlIiBSZWNvcmRSZXN1bHQ9IlRydWUiIENhY2hlPSJGYWxzZSIgUmVzcG9uc2VUaW1lR29hbD0iMCIgRW5jb2Rpbmc9InV0Zi04IiBFeHBlY3RlZEh0dHBTdGF0dXNDb2RlPSIwIiBFeHBlY3RlZFJlc3BvbnNlVXJsPSIiIFJlcG9ydGluZ05hbWU9IiI+DQogICAgICA8SGVhZGVycz4NCiAgICAgICAgPEhlYWRlciBOYW1lPSJDb250ZW50LVR5cGUiIFZhbHVlPSJhcHBsaWNhdGlvbi94LXd3dy1mb3JtLXVybGVuY29kZWQ7IGNoYXJzZXQ9VVRGLTgiIC8+DQogICAgICA8L0hlYWRlcnM+DQogICAgICA8UXVlcnlTdHJpbmdQYXJhbWV0ZXJzPg0KICAgICAgICA8UXVlcnlTdHJpbmdQYXJhbWV0ZXIgTmFtZT0iQ3VycmVudFBhZ2UiIFZhbHVlPSIxIiBSZWNvcmRlZFZhbHVlPSIxIiBDb3JyZWxhdGlvbkJpbmRpbmc9IiIgVXJsRW5jb2RlPSJGYWxzZSIgVXNlVG9Hcm91cFJlc3VsdHM9IkZhbHNlIiAvPg0KICAgICAgICA8UXVlcnlTdHJpbmdQYXJhbWV0ZXIgTmFtZT0iVHJpcElkIiBWYWx1ZT0iMCIgUmVjb3JkZWRWYWx1ZT0iMCIgQ29ycmVsYXRpb25CaW5kaW5nPSIiIFVybEVuY29kZT0iRmFsc2UiIFVzZVRvR3JvdXBSZXN1bHRzPSJGYWxzZSIgLz4NCiAgICAgICAgPFF1ZXJ5U3RyaW5nUGFyYW1ldGVyIE5hbWU9IkluY29taW5nIiBWYWx1ZT0idHJ1ZSIgUmVjb3JkZWRWYWx1ZT0idHJ1ZSIgQ29ycmVsYXRpb25CaW5kaW5nPSIiIFVybEVuY29kZT0iRmFsc2UiIFVzZVRvR3JvdXBSZXN1bHRzPSJGYWxzZSIgLz4NCiAgICAgICAgPFF1ZXJ5U3RyaW5nUGFyYW1ldGVyIE5hbWU9IlNob3dCaWRBY3Rpb25zIiBWYWx1ZT0idHJ1ZSIgUmVjb3JkZWRWYWx1ZT0idHJ1ZSIgQ29ycmVsYXRpb25CaW5kaW5nPSIiIFVybEVuY29kZT0iRmFsc2UiIFVzZVRvR3JvdXBSZXN1bHRzPSJGYWxzZSIgLz4NCiAgICAgICAgPFF1ZXJ5U3RyaW5nUGFyYW1ldGVyIE5hbWU9Ikxhc3RVcGRhdGVkIiBWYWx1ZT0iMjAxMi0wOC0yMSsyMCUzQTI0JTNBNDUiIFJlY29yZGVkVmFsdWU9IjIwMTItMDgtMjErMjAlM0EyNCUzQTQ1IiBDb3JyZWxhdGlvbkJpbmRpbmc9IiIgVXJsRW5jb2RlPSJGYWxzZSIgVXNlVG9Hcm91cFJlc3VsdHM9IkZhbHNlIiAvPg0KICAgICAgPC9RdWVyeVN0cmluZ1BhcmFtZXRlcnM+DQogICAgICA8Rm9ybVBvc3RIdHRwQm9keSAvPg0KICAgIDwvUmVxdWVzdD4NCiAgICA8UmVxdWVzdCBNZXRob2Q9IlBPU1QiIFZlcnNpb249IjEuMSIgVXJsPSJodHRwOi8vbG9jYWxob3N0Ojc3ODcvQmlkL0dldFVwZGF0ZWRCaWRzIiBUaGlua1RpbWU9IjMiIFRpbWVvdXQ9IjMwMCIgUGFyc2VEZXBlbmRlbnRSZXF1ZXN0cz0iVHJ1ZSIgRm9sbG93UmVkaXJlY3RzPSJUcnVlIiBSZWNvcmRSZXN1bHQ9IlRydWUiIENhY2hlPSJGYWxzZSIgUmVzcG9uc2VUaW1lR29hbD0iMCIgRW5jb2Rpbmc9InV0Zi04IiBFeHBlY3RlZEh0dHBTdGF0dXNDb2RlPSIwIiBFeHBlY3RlZFJlc3BvbnNlVXJsPSIiIFJlcG9ydGluZ05hbWU9IiI+DQogICAgICA8SGVhZGVycz4NCiAgICAgICAgPEhlYWRlciBOYW1lPSJDb250ZW50LVR5cGUiIFZhbHVlPSJhcHBsaWNhdGlvbi94LXd3dy1mb3JtLXVybGVuY29kZWQ7IGNoYXJzZXQ9VVRGLTgiIC8+DQogICAgICA8L0hlYWRlcnM+DQogICAgICA8UXVlcnlTdHJpbmdQYXJhbWV0ZXJzPg0KICAgICAgICA8UXVlcnlTdHJpbmdQYXJhbWV0ZXIgTmFtZT0iQ3VycmVudFBhZ2UiIFZhbHVlPSIxIiBSZWNvcmRlZFZhbHVlPSIxIiBDb3JyZWxhdGlvbkJpbmRpbmc9IiIgVXJsRW5jb2RlPSJGYWxzZSIgVXNlVG9Hcm91cFJlc3VsdHM9IkZhbHNlIiAvPg0KICAgICAgICA8UXVlcnlTdHJpbmdQYXJhbWV0ZXIgTmFtZT0iVHJpcElkIiBWYWx1ZT0iMCIgUmVjb3JkZWRWYWx1ZT0iMCIgQ29ycmVsYXRpb25CaW5kaW5nPSIiIFVybEVuY29kZT0iRmFsc2UiIFVzZVRvR3JvdXBSZXN1bHRzPSJGYWxzZSIgLz4NCiAgICAgICAgPFF1ZXJ5U3RyaW5nUGFyYW1ldGVyIE5hbWU9IkluY29taW5nIiBWYWx1ZT0idHJ1ZSIgUmVjb3JkZWRWYWx1ZT0idHJ1ZSIgQ29ycmVsYXRpb25CaW5kaW5nPSIiIFVybEVuY29kZT0iRmFsc2UiIFVzZVRvR3JvdXBSZXN1bHRzPSJGYWxzZSIgLz4NCiAgICAgICAgPFF1ZXJ5U3RyaW5nUGFyYW1ldGVyIE5hbWU9IlNob3dCaWRBY3Rpb25zIiBWYWx1ZT0idHJ1ZSIgUmVjb3JkZWRWYWx1ZT0idHJ1ZSIgQ29ycmVsYXRpb25CaW5kaW5nPSIiIFVybEVuY29kZT0iRmFsc2UiIFVzZVRvR3JvdXBSZXN1bHRzPSJGYWxzZSIgLz4NCiAgICAgICAgPFF1ZXJ5U3RyaW5nUGFyYW1ldGVyIE5hbWU9Ikxhc3RVcGRhdGVkIiBWYWx1ZT0iMjAxMi0wOC0yMSsyMCUzQTI0JTNBNDgiIFJlY29yZGVkVmFsdWU9IjIwMTItMDgtMjErMjAlM0EyNCUzQTQ4IiBDb3JyZWxhdGlvbkJpbmRpbmc9IiIgVXJsRW5jb2RlPSJGYWxzZSIgVXNlVG9Hcm91cFJlc3VsdHM9IkZhbHNlIiAvPg0KICAgICAgPC9RdWVyeVN0cmluZ1BhcmFtZXRlcnM+DQogICAgICA8Rm9ybVBvc3RIdHRwQm9keSAvPg0KICAgIDwvUmVxdWVzdD4NCiAgICA8UmVxdWVzdCBNZXRob2Q9IlBPU1QiIFZlcnNpb249IjEuMSIgVXJsPSJodHRwOi8vbG9jYWxob3N0Ojc3ODcvQmlkL0dldFVwZGF0ZWRCaWRzIiBUaGlua1RpbWU9IjEiIFRpbWVvdXQ9IjMwMCIgUGFyc2VEZXBlbmRlbnRSZXF1ZXN0cz0iVHJ1ZSIgRm9sbG93UmVkaXJlY3RzPSJUcnVlIiBSZWNvcmRSZXN1bHQ9IlRydWUiIENhY2hlPSJGYWxzZSIgUmVzcG9uc2VUaW1lR29hbD0iMCIgRW5jb2Rpbmc9InV0Zi04IiBFeHBlY3RlZEh0dHBTdGF0dXNDb2RlPSIwIiBFeHBlY3RlZFJlc3BvbnNlVXJsPSIiIFJlcG9ydGluZ05hbWU9IiI+DQogICAgICA8SGVhZGVycz4NCiAgICAgICAgPEhlYWRlciBOYW1lPSJDb250ZW50LVR5cGUiIFZhbHVlPSJhcHBsaWNhdGlvbi94LXd3dy1mb3JtLXVybGVuY29kZWQ7IGNoYXJzZXQ9VVRGLTgiIC8+DQogICAgICA8L0hlYWRlcnM+DQogICAgICA8UXVlcnlTdHJpbmdQYXJhbWV0ZXJzPg0KICAgICAgICA8UXVlcnlTdHJpbmdQYXJhbWV0ZXIgTmFtZT0iQ3VycmVudFBhZ2UiIFZhbHVlPSIxIiBSZWNvcmRlZFZhbHVlPSIxIiBDb3JyZWxhdGlvbkJpbmRpbmc9IiIgVXJsRW5jb2RlPSJGYWxzZSIgVXNlVG9Hcm91cFJlc3VsdHM9IkZhbHNlIiAvPg0KICAgICAgICA8UXVlcnlTdHJpbmdQYXJhbWV0ZXIgTmFtZT0iVHJpcElkIiBWYWx1ZT0iMCIgUmVjb3JkZWRWYWx1ZT0iMCIgQ29ycmVsYXRpb25CaW5kaW5nPSIiIFVybEVuY29kZT0iRmFsc2UiIFVzZVRvR3JvdXBSZXN1bHRzPSJGYWxzZSIgLz4NCiAgICAgICAgPFF1ZXJ5U3RyaW5nUGFyYW1ldGVyIE5hbWU9IkluY29taW5nIiBWYWx1ZT0idHJ1ZSIgUmVjb3JkZWRWYWx1ZT0idHJ1ZSIgQ29ycmVsYXRpb25CaW5kaW5nPSIiIFVybEVuY29kZT0iRmFsc2UiIFVzZVRvR3JvdXBSZXN1bHRzPSJGYWxzZSIgLz4NCiAgICAgICAgPFF1ZXJ5U3RyaW5nUGFyYW1ldGVyIE5hbWU9IlNob3dCaWRBY3Rpb25zIiBWYWx1ZT0idHJ1ZSIgUmVjb3JkZWRWYWx1ZT0idHJ1ZSIgQ29ycmVsYXRpb25CaW5kaW5nPSIiIFVybEVuY29kZT0iRmFsc2UiIFVzZVRvR3JvdXBSZXN1bHRzPSJGYWxzZSIgLz4NCiAgICAgICAgPFF1ZXJ5U3RyaW5nUGFyYW1ldGVyIE5hbWU9Ikxhc3RVcGRhdGVkIiBWYWx1ZT0iMjAxMi0wOC0yMSsyMCUzQTI0JTNBNTEiIFJlY29yZGVkVmFsdWU9IjIwMTItMDgtMjErMjAlM0EyNCUzQTUxIiBDb3JyZWxhdGlvbkJpbmRpbmc9IiIgVXJsRW5jb2RlPSJGYWxzZSIgVXNlVG9Hcm91cFJlc3VsdHM9IkZhbHNlIiAvPg0KICAgICAgPC9RdWVyeVN0cmluZ1BhcmFtZXRlcnM+DQogICAgICA8Rm9ybVBvc3RIdHRwQm9keSAvPg0KICAgIDwvUmVxdWVzdD4NCiAgICA8UmVxdWVzdCBNZXRob2Q9IkdFVCIgVmVyc2lvbj0iMS4xIiBVcmw9Imh0dHA6Ly9sb2NhbGhvc3Q6Nzc4Ny8iIFRoaW5rVGltZT0iMCIgVGltZW91dD0iMzAwIiBQYXJzZURlcGVuZGVudFJlcXVlc3RzPSJUcnVlIiBGb2xsb3dSZWRpcmVjdHM9IlRydWUiIFJlY29yZFJlc3VsdD0iVHJ1ZSIgQ2FjaGU9IkZhbHNlIiBSZXNwb25zZVRpbWVHb2FsPSIwIiBFbmNvZGluZz0idXRmLTgiIEV4cGVjdGVkSHR0cFN0YXR1c0NvZGU9IjAiIEV4cGVjdGVkUmVzcG9uc2VVcmw9IiIgUmVwb3J0aW5nTmFtZT0iIj4NCiAgICAgIDxEZXBlbmRlbnRSZXF1ZXN0cz4NCiAgICAgICAgPFJlcXVlc3QgTWV0aG9kPSJQT1NUIiBWZXJzaW9uPSIxLjEiIFVybD0iaHR0cDovL2xvY2FsaG9zdDo3Nzg3L0NvbnRlbnQvanMvYXBwL2NvbnRyb2xsZXJzL2F1dGhjb250cm9sbGVyLmpzIiBUaGlua1RpbWU9IjUiIFRpbWVvdXQ9IjMwMCIgUGFyc2VEZXBlbmRlbnRSZXF1ZXN0cz0iVHJ1ZSIgRm9sbG93UmVkaXJlY3RzPSJUcnVlIiBSZWNvcmRSZXN1bHQ9IlRydWUiIENhY2hlPSJGYWxzZSIgUmVzcG9uc2VUaW1lR29hbD0iMCIgRW5jb2Rpbmc9InV0Zi04IiBFeHBlY3RlZEh0dHBTdGF0dXNDb2RlPSIwIiBFeHBlY3RlZFJlc3BvbnNlVXJsPSIiIFJlcG9ydGluZ05hbWU9IiI+DQogICAgICAgICAgPEhlYWRlcnM+DQogICAgICAgICAgICA8SGVhZGVyIE5hbWU9IkNvbnRlbnQtVHlwZSIgVmFsdWU9ImFwcGxpY2F0aW9uL3gtd3d3LWZvcm0tdXJsZW5jb2RlZDsgY2hhcnNldD1VVEYtOCIgLz4NCiAgICAgICAgICA8L0hlYWRlcnM+DQogICAgICAgICAgPFF1ZXJ5U3RyaW5nUGFyYW1ldGVycz4NCiAgICAgICAgICAgIDxRdWVyeVN0cmluZ1BhcmFtZXRlciBOYW1lPSJfIiBWYWx1ZT0iMTM0NTU4MDY5NjQxOSIgUmVjb3JkZWRWYWx1ZT0iMTM0NTU4MDY5NjQxOSIgQ29ycmVsYXRpb25CaW5kaW5nPSIiIFVybEVuY29kZT0iRmFsc2UiIFVzZVRvR3JvdXBSZXN1bHRzPSJGYWxzZSIgLz4NCiAgICAgICAgICA8L1F1ZXJ5U3RyaW5nUGFyYW1ldGVycz4NCiAgICAgICAgICA8Rm9ybVBvc3RIdHRwQm9keSAvPg0KICAgICAgICA8L1JlcXVlc3Q+DQogICAgICA8L0RlcGVuZGVudFJlcXVlc3RzPg0KICAgIDwvUmVxdWVzdD4NCiAgICA8UmVxdWVzdCBNZXRob2Q9IkdFVCIgVmVyc2lvbj0iMS4xIiBVcmw9Imh0dHA6Ly9sb2NhbGhvc3Q6Nzc4Ny9Mb2dvdXQiIFRoaW5rVGltZT0iMCIgVGltZW91dD0iMzAwIiBQYXJzZURlcGVuZGVudFJlcXVlc3RzPSJUcnVlIiBGb2xsb3dSZWRpcmVjdHM9IlRydWUiIFJlY29yZFJlc3VsdD0iVHJ1ZSIgQ2FjaGU9IkZhbHNlIiBSZXNwb25zZVRpbWVHb2FsPSIwIiBFbmNvZGluZz0idXRmLTgiIEV4cGVjdGVkSHR0cFN0YXR1c0NvZGU9IjAiIEV4cGVjdGVkUmVzcG9uc2VVcmw9Imh0dHA6Ly9sb2NhbGhvc3Q6Nzc4Ny8iIFJlcG9ydGluZ05hbWU9IiI+DQogICAgICA8RGVwZW5kZW50UmVxdWVzdHM+DQogICAgICAgIDxSZXF1ZXN0IE1ldGhvZD0iUE9TVCIgVmVyc2lvbj0iMS4xIiBVcmw9Imh0dHA6Ly9sb2NhbGhvc3Q6Nzc4Ny9Db250ZW50L2pzL2FwcC9jb250cm9sbGVycy9hdXRoY29udHJvbGxlci5qcyIgVGhpbmtUaW1lPSIwIiBUaW1lb3V0PSIzMDAiIFBhcnNlRGVwZW5kZW50UmVxdWVzdHM9IlRydWUiIEZvbGxvd1JlZGlyZWN0cz0iVHJ1ZSIgUmVjb3JkUmVzdWx0PSJUcnVlIiBDYWNoZT0iRmFsc2UiIFJlc3BvbnNlVGltZUdvYWw9IjAiIEVuY29kaW5nPSJ1dGYtOCIgRXhwZWN0ZWRIdHRwU3RhdHVzQ29kZT0iMCIgRXhwZWN0ZWRSZXNwb25zZVVybD0iIiBSZXBvcnRpbmdOYW1lPSIiPg0KICAgICAgICAgIDxIZWFkZXJzPg0KICAgICAgICAgICAgPEhlYWRlciBOYW1lPSJDb250ZW50LVR5cGUiIFZhbHVlPSJhcHBsaWNhdGlvbi94LXd3dy1mb3JtLXVybGVuY29kZWQ7IGNoYXJzZXQ9VVRGLTgiIC8+DQogICAgICAgICAgPC9IZWFkZXJzPg0KICAgICAgICAgIDxRdWVyeVN0cmluZ1BhcmFtZXRlcnM+DQogICAgICAgICAgICA8UXVlcnlTdHJpbmdQYXJhbWV0ZXIgTmFtZT0iXyIgVmFsdWU9IjEzNDU1ODA3MDI2NTkiIFJlY29yZGVkVmFsdWU9IjEzNDU1ODA3MDI2NTkiIENvcnJlbGF0aW9uQmluZGluZz0iIiBVcmxFbmNvZGU9IkZhbHNlIiBVc2VUb0dyb3VwUmVzdWx0cz0iRmFsc2UiIC8+DQogICAgICAgICAgPC9RdWVyeVN0cmluZ1BhcmFtZXRlcnM+DQogICAgICAgICAgPEZvcm1Qb3N0SHR0cEJvZHkgLz4NCiAgICAgICAgPC9SZXF1ZXN0Pg0KICAgICAgPC9EZXBlbmRlbnRSZXF1ZXN0cz4NCiAgICA8L1JlcXVlc3Q+DQogIDwvSXRlbXM+DQogIDxWYWxpZGF0aW9uUnVsZXM+DQogICAgPFZhbGlkYXRpb25SdWxlIENsYXNzbmFtZT0iTWljcm9zb2Z0LlZpc3VhbFN0dWRpby5UZXN0VG9vbHMuV2ViVGVzdGluZy5SdWxlcy5WYWxpZGF0ZVJlc3BvbnNlVXJsLCBNaWNyb3NvZnQuVmlzdWFsU3R1ZGlvLlF1YWxpdHlUb29scy5XZWJUZXN0RnJhbWV3b3JrLCBWZXJzaW9uPTEwLjAuMC4wLCBDdWx0dXJlPW5ldXRyYWwsIFB1YmxpY0tleVRva2VuPWIwM2Y1ZjdmMTFkNTBhM2EiIERpc3BsYXlOYW1lPSJSZXNwb25zZSBVUkwiIERlc2NyaXB0aW9uPSJWYWxpZGF0ZXMgdGhhdCB0aGUgcmVzcG9uc2UgVVJMIGFmdGVyIHJlZGlyZWN0cyBhcmUgZm9sbG93ZWQgaXMgdGhlIHNhbWUgYXMgdGhlIHJlY29yZGVkIHJlc3BvbnNlIFVSTC4gIFF1ZXJ5U3RyaW5nIHBhcmFtZXRlcnMgYXJlIGlnbm9yZWQuIiBMZXZlbD0iTG93IiBFeGVjdHVpb25PcmRlcj0iQmVmb3JlRGVwZW5kZW50cyIgLz4NCiAgICA8VmFsaWRhdGlvblJ1bGUgQ2xhc3NuYW1lPSJNaWNyb3NvZnQuVmlzdWFsU3R1ZGlvLlRlc3RUb29scy5XZWJUZXN0aW5nLlJ1bGVzLlZhbGlkYXRpb25SdWxlUmVzcG9uc2VUaW1lR29hbCwgTWljcm9zb2Z0LlZpc3VhbFN0dWRpby5RdWFsaXR5VG9vbHMuV2ViVGVzdEZyYW1ld29yaywgVmVyc2lvbj0xMC4wLjAuMCwgQ3VsdHVyZT1uZXV0cmFsLCBQdWJsaWNLZXlUb2tlbj1iMDNmNWY3ZjExZDUwYTNhIiBEaXNwbGF5TmFtZT0iUmVzcG9uc2UgVGltZSBHb2FsIiBEZXNjcmlwdGlvbj0iVmFsaWRhdGVzIHRoYXQgdGhlIHJlc3BvbnNlIHRpbWUgZm9yIHRoZSByZXF1ZXN0IGlzIGxlc3MgdGhhbiBvciBlcXVhbCB0byB0aGUgcmVzcG9uc2UgdGltZSBnb2FsIGFzIHNwZWNpZmllZCBvbiB0aGUgcmVxdWVzdC4gIFJlc3BvbnNlIHRpbWUgZ29hbHMgb2YgemVybyB3aWxsIGJlIGlnbm9yZWQuIiBMZXZlbD0iTG93IiBFeGVjdHVpb25PcmRlcj0iQWZ0ZXJEZXBlbmRlbnRzIj4NCiAgICAgIDxSdWxlUGFyYW1ldGVycz4NCiAgICAgICAgPFJ1bGVQYXJhbWV0ZXIgTmFtZT0iVG9sZXJhbmNlIiBWYWx1ZT0iMCIgLz4NCiAgICAgIDwvUnVsZVBhcmFtZXRlcnM+DQogICAgPC9WYWxpZGF0aW9uUnVsZT4NCiAgPC9WYWxpZGF0aW9uUnVsZXM+DQo8L1dlYlRlc3Q+">
      <Execution id="a64c9277-0f2b-4ced-8851-21cf86aed35d" />
    </WebTest>
    <LoadTest Name="DispatcherLoginDashBoard" Description="" Owner="" storage="d:\projects\carfarecompare\src\cfc.test.loadandperformance\loadtests\dispatcherlogindashboard.loadtest" Priority="2147483647" Enabled="true" CssProjectStructure="" CssIteration="" DeploymentItemsEditable="" WorkItemIds="" TraceLevel="None" CurrentRunConfig="Run Settings1" Id="f8297696-d75a-4b85-a200-dd0cadd6f69b">
      <Scenarios>
        <Scenario Name="HeavyLoadDispatcherLogin" DelayBetweenIterations="0" PercentNewUsers="0" IPSwitching="true" TestMixType="PercentageOfTestsStarted" ApplyDistributionToPacingDelay="true" MaxTestIterations="0" DisableDuringWarmup="false" DelayStartTime="0" AllowedAgents="">
          <ThinkProfile Value="0.2" Pattern="NormalDistribution" />
          <LoadProfile Pattern="Constant" InitialUsers="25" />
          <TestMix>
            <TestProfile Name="WebTest1" Path="d:\projects\carfarecompare\src\cfc.test.loadandperformance\webtests\webtest1.webtest" Id="38e19077-e4b5-4e59-addd-26296168a189" Percentage="100" Type="Microsoft.VisualStudio.TestTools.WebStress.DeclarativeWebTestElement, Microsoft.VisualStudio.QualityTools.LoadTest, Version=10.0.0.0, Culture=neutral, PublicKeyToken=b03f5f7f11d50a3a" />
          </TestMix>
          <BrowserMix>
            <BrowserProfile Percentage="34">
              <Browser Name="Internet Explorer 8.0" MaxConnections="6">
                <Headers>
                  <Header Name="User-Agent" Value="Mozilla/4.0 (compatible; MSIE 8.0; Windows NT 5.1)" />
                  <Header Name="Accept" Value="*/*" />
                  <Header Name="Accept-Language" Value="{{$IEAcceptLanguage}}" />
                  <Header Name="Accept-Encoding" Value="GZIP" />
                </Headers>
              </Browser>
            </BrowserProfile>
            <BrowserProfile Percentage="33">
              <Browser Name="Chrome 2" MaxConnections="6">
                <Headers>
                  <Header Name="User-Agent" Value="Mozilla/5.0 (Windows; U; Windows NT 5.1;) AppleWebKit/530.1 (KHTML, like Gecko) Chrome/2.0.169.1 Safari/530.1" />
                  <Header Name="Accept" Value="*/*" />
                  <Header Name="Accept-Language" Value="{{$IEAcceptLanguage}}" />
                  <Header Name="Accept-Encoding" Value="gzip,deflate" />
                  <Header Name="Accept-Charset" Value="ISO-8859-1,*,utf-8" />
                </Headers>
              </Browser>
            </BrowserProfile>
            <BrowserProfile Percentage="33">
              <Browser Name="Firefox 2.0" MaxConnections="2">
                <Headers>
                  <Header Name="User-Agent" Value="Mozilla/5.0 (Windows; U; Windows NT 5.1; en-US; rv:1.8.1) Gecko/20061010 Firefox/2.0" />
                  <Header Name="Accept" Value="*/*" />
                  <Header Name="Accept-Language" Value="{{$IEAcceptLanguage}}" />
                  <Header Name="Accept-Encoding" Value="GZIP" />
                  <Header Name="Accept-Charset" Value="ISO-8859-1,utf-8;q=0.7,*;q=0.7" />
                </Headers>
              </Browser>
            </BrowserProfile>
          </BrowserMix>
          <NetworkMix>
            <NetworkProfile Percentage="100">
              <Network Name="LAN" BandwidthInKbps="1000000" NetworkProfileConfigurationXml="&lt;Emulation&gt;&lt;VirtualChannel name=&quot;defaultChannel&quot;&gt;&lt;FilterList/&gt;&lt;VirtualLink instances=&quot;1&quot; name=&quot;defaultLink&quot;&gt;&lt;LinkRule dir=&quot;upstream&quot;&gt;&lt;Bandwidth&gt;&lt;Speed unit=&quot;kbps&quot;&gt;1000000&lt;/Speed&gt;&lt;/Bandwidth&gt;&lt;/LinkRule&gt;&lt;LinkRule dir=&quot;downstream&quot;&gt;&lt;Bandwidth&gt;&lt;Speed unit=&quot;kbps&quot;&gt;1000000&lt;/Speed&gt;&lt;/Bandwidth&gt;&lt;/LinkRule&gt;&lt;/VirtualLink&gt;&lt;/VirtualChannel&gt;&lt;/Emulation&gt;" />
            </NetworkProfile>
          </NetworkMix>
        </Scenario>
      </Scenarios>
      <CounterSets>
        <CounterSet Name="MARKKAMBERGER" CounterSetType="LoadTest" LocId="">
          <CounterCategories>
            <CounterCategory Name="LoadTest:Scenario">
              <Counters>
                <Counter Name="User Load" HigherIsBetter="true" />
                <Counter Name="Tests Running" HigherIsBetter="true" />
              </Counters>
            </CounterCategory>
            <CounterCategory Name="LoadTest:Test">
              <Counters>
                <Counter Name="Total Tests" HigherIsBetter="true" />
                <Counter Name="Passed Tests" HigherIsBetter="true" />
                <Counter Name="Failed Tests" />
                <Counter Name="Tests/Sec" HigherIsBetter="true" />
                <Counter Name="Passed Tests/Sec" HigherIsBetter="true" />
                <Counter Name="Failed Tests/Sec" />
                <Counter Name="Avg. Requests/Test" HigherIsBetter="true" />
                <Counter Name="Avg. Test Time" />
                <Counter Name="% Time in LoadTestPlugin" />
                <Counter Name="% Time in WebTest code" />
                <Counter Name="% Time in Rules" />
              </Counters>
            </CounterCategory>
            <CounterCategory Name="LoadTest:Transaction">
              <Counters>
                <Counter Name="Total Transactions" HigherIsBetter="true" />
                <Counter Name="Avg. Transaction Time" />
                <Counter Name="Avg. Response Time" />
                <Counter Name="Transactions/Sec" HigherIsBetter="true" />
              </Counters>
            </CounterCategory>
            <CounterCategory Name="LoadTest:Errors">
              <Counters>
                <Counter Name="Http Errors" />
                <Counter Name="Validation Rule Errors" />
                <Counter Name="Extraction Rule Errors" />
                <Counter Name="Requests Timed Out" />
                <Counter Name="Exceptions" />
                <Counter Name="Total Errors" />
                <Counter Name="Errors/Sec" />
                <Counter Name="Threshold Violations/Sec" />
              </Counters>
            </CounterCategory>
            <CounterCategory Name="LoadTest:Page">
              <Counters>
                <Counter Name="Total Pages" HigherIsBetter="true" />
                <Counter Name="Avg. Page Time" />
                <Counter Name="Page Response Time Goal" HigherIsBetter="true" />
                <Counter Name="% Pages Meeting Goal" HigherIsBetter="true" />
                <Counter Name="Pages/Sec" HigherIsBetter="true" />
              </Counters>
            </CounterCategory>
            <CounterCategory Name="LoadTest:Request">
              <Counters>
                <Counter Name="Total Requests" HigherIsBetter="true" />
                <Counter Name="Passed Requests" HigherIsBetter="true" />
                <Counter Name="Failed Requests" />
                <Counter Name="Cached Requests" HigherIsBetter="true" />
                <Counter Name="Requests/Sec" HigherIsBetter="true" />
                <Counter Name="Passed Requests/Sec" HigherIsBetter="true" />
                <Counter Name="Failed Requests/Sec" />
                <Counter Name="Avg. First Byte Time" />
                <Counter Name="Avg. Response Time" />
                <Counter Name="Avg. Connection Wait Time">
                  <ThresholdRules>
                    <ThresholdRule Classname="Microsoft.VisualStudio.TestTools.WebStress.Rules.ThresholdRuleCompareCounters, Microsoft.VisualStudio.QualityTools.LoadTest, Version=10.0.0.0, Culture=neutral, PublicKeyToken=b03f5f7f11d50a3a">
                      <RuleParameters>
                        <RuleParameter Name="DependentCategory" Value="LoadTest:Page" />
                        <RuleParameter Name="DependentCounter" Value="Avg. Page Time" />
                        <RuleParameter Name="DependentInstance" Value="_Total" />
                        <RuleParameter Name="AlertIfOver" Value="True" />
                        <RuleParameter Name="WarningThreshold" Value="0.25" />
                        <RuleParameter Name="CriticalThreshold" Value="0.5" />
                      </RuleParameters>
                    </ThresholdRule>
                  </ThresholdRules>
                </Counter>
                <Counter Name="Avg. Content Length" />
              </Counters>
            </CounterCategory>
            <CounterCategory Name="LoadTest:LogEntries">
              <Counters>
                <Counter Name="Total Log Entries" />
                <Counter Name="Log Entries/Sec" />
              </Counters>
            </CounterCategory>
          </CounterCategories>
        </CounterSet>
        <CounterSet Name="Controller" CounterSetType="Controller" LocId="CounterSet_Controller">
          <CounterCategories>
            <CounterCategory Name="Memory">
              <Counters>
                <Counter Name="% Committed Bytes In Use" Range="100" />
                <Counter Name="Available MBytes" RangeGroup="Memory Bytes" HigherIsBetter="true">
                  <ThresholdRules>
                    <ThresholdRule Classname="Microsoft.VisualStudio.TestTools.WebStress.Rules.ThresholdRuleCompareConstant, Microsoft.VisualStudio.QualityTools.LoadTest">
                      <RuleParameters>
                        <RuleParameter Name="AlertIfOver" Value="False" />
                        <RuleParameter Name="WarningThreshold" Value="100" />
                        <RuleParameter Name="CriticalThreshold" Value="50" />
                      </RuleParameters>
                    </ThresholdRule>
                    <ThresholdRule Classname="Microsoft.VisualStudio.TestTools.WebStress.Rules.ThresholdRuleCompareConstant, Microsoft.VisualStudio.QualityTools.LoadTest">
                      <RuleParameters>
                        <RuleParameter Name="AlertIfOver" Value="False" />
                        <RuleParameter Name="WarningThreshold" Value="100" />
                        <RuleParameter Name="CriticalThreshold" Value="50" />
                      </RuleParameters>
                    </ThresholdRule>
                  </ThresholdRules>
                </Counter>
                <Counter Name="Page Faults/sec" />
                <Counter Name="Pages/sec" />
                <Counter Name="Pool Paged Bytes" RangeGroup="Memory Bytes" />
                <Counter Name="Pool Nonpaged bytes" RangeGroup="Memory Bytes" />
              </Counters>
            </CounterCategory>
            <CounterCategory Name="Network Interface">
              <Counters>
                <Counter Name="Bytes Received/sec" RangeGroup="Network Bytes" />
                <Counter Name="Bytes Sent/sec" RangeGroup="Network Bytes" />
                <Counter Name="Output Queue Length">
                  <ThresholdRules>
                    <ThresholdRule Classname="Microsoft.VisualStudio.TestTools.WebStress.Rules.ThresholdRuleCompareConstant, Microsoft.VisualStudio.QualityTools.LoadTest">
                      <RuleParameters>
                        <RuleParameter Name="AlertIfOver" Value="True" />
                        <RuleParameter Name="WarningThreshold" Value="1.5" />
                        <RuleParameter Name="CriticalThreshold" Value="2" />
                      </RuleParameters>
                    </ThresholdRule>
                  </ThresholdRules>
                </Counter>
                <Counter Name="Packets Received/sec" RangeGroup="Network Packets" />
                <Counter Name="Packets Sent/sec" RangeGroup="Network Packets" />
                <Counter Name="Current Bandwidth" RangeGroup="Network Bytes" />
                <Counter Name="Bytes Total/sec" RangeGroup="Network Bytes">
                  <ThresholdRules>
                    <ThresholdRule Classname="Microsoft.VisualStudio.TestTools.WebStress.Rules.ThresholdRuleCompareCounters, Microsoft.VisualStudio.QualityTools.LoadTest, Version=10.0.0.0, Culture=neutral, PublicKeyToken=b03f5f7f11d50a3a">
                      <RuleParameters>
                        <RuleParameter Name="DependentCategory" Value="Network Interface" />
                        <RuleParameter Name="DependentCounter" Value="Current Bandwidth" />
                        <RuleParameter Name="DependentInstance" Value="" />
                        <RuleParameter Name="AlertIfOver" Value="True" />
                        <RuleParameter Name="WarningThreshold" Value="0.6" />
                        <RuleParameter Name="CriticalThreshold" Value="0.7" />
                      </RuleParameters>
                    </ThresholdRule>
                  </ThresholdRules>
                </Counter>
              </Counters>
              <Instances>
                <Instance Name="*" />
              </Instances>
            </CounterCategory>
            <CounterCategory Name="PhysicalDisk">
              <Counters>
                <Counter Name="% Disk Read Time" Range="100" />
                <Counter Name="% Disk Time" Range="100" />
                <Counter Name="% Disk Write Time" Range="100" />
                <Counter Name="% Idle Time" Range="100" HigherIsBetter="true">
                  <ThresholdRules>
                    <ThresholdRule Classname="Microsoft.VisualStudio.TestTools.WebStress.Rules.ThresholdRuleCompareConstant, Microsoft.VisualStudio.QualityTools.LoadTest">
                      <RuleParameters>
                        <RuleParameter Name="AlertIfOver" Value="False" />
                        <RuleParameter Name="WarningThreshold" Value="40" />
                        <RuleParameter Name="CriticalThreshold" Value="20" />
                      </RuleParameters>
                    </ThresholdRule>
                  </ThresholdRules>
                </Counter>
                <Counter Name="Avg. Disk Bytes/Read" RangeGroup="DiskBytesRate" />
                <Counter Name="Avg. Disk Bytes/Transfer" RangeGroup="DiskBytesRate" />
                <Counter Name="Avg. Disk Bytes/Write" RangeGroup="DiskBytesRate" />
                <Counter Name="Avg. Disk Queue Length" RangeGroup="Disk Queue Length" />
                <Counter Name="Avg. Disk Read Queue Length" RangeGroup="Disk Queue Length" />
                <Counter Name="Avg. Disk Write Queue Length" RangeGroup="Disk Queue Length" />
                <Counter Name="Current Disk Queue Length" RangeGroup="Disk Queue Length" />
                <Counter Name="Avg. Disk sec/Read" RangeGroup="Disk sec" />
                <Counter Name="Avg. Disk sec/Transfer" RangeGroup="Disk sec" />
                <Counter Name="Avg. Disk sec/Write" RangeGroup="Disk sec" />
                <Counter Name="Disk Bytes/sec" RangeGroup="Disk Bytes sec" />
                <Counter Name="Disk Read Bytes/sec" RangeGroup="Disk Bytes sec" />
                <Counter Name="Disk Reads/sec" RangeGroup="Disk Transfers sec" />
                <Counter Name="Disk Transfers/sec" RangeGroup="Disk Transfers sec" />
                <Counter Name="Disk Write Bytes/sec" RangeGroup="Disk Bytes sec" />
                <Counter Name="Disk Writes/sec" RangeGroup="Disk Transfers sec" />
                <Counter Name="Split IO/Sec" RangeGroup="Disk Transfers sec" />
              </Counters>
              <Instances>
                <Instance Name="*" />
              </Instances>
            </CounterCategory>
            <CounterCategory Name="Processor">
              <Counters>
                <Counter Name="% Processor Time" Range="100">
                  <ThresholdRules>
                    <ThresholdRule Classname="Microsoft.VisualStudio.TestTools.WebStress.Rules.ThresholdRuleCompareConstant, Microsoft.VisualStudio.QualityTools.LoadTest">
                      <RuleParameters>
                        <RuleParameter Name="AlertIfOver" Value="True" />
                        <RuleParameter Name="WarningThreshold" Value="75" />
                        <RuleParameter Name="CriticalThreshold" Value="90" />
                      </RuleParameters>
                    </ThresholdRule>
                  </ThresholdRules>
                </Counter>
                <Counter Name="% Privileged Time" Range="100" />
                <Counter Name="% User Time" Range="100" />
              </Counters>
              <Instances>
                <Instance Name="_Total" />
              </Instances>
            </CounterCategory>
            <CounterCategory Name="System">
              <Counters>
                <Counter Name="Context Switches/sec" />
                <Counter Name="Processes" />
                <Counter Name="Processor Queue Length" />
                <Counter Name="Threads" />
              </Counters>
            </CounterCategory>
            <CounterCategory Name="Process">
              <Counters>
                <Counter Name="% Processor Time" RangeGroup="Processor Time" />
                <Counter Name="% Privileged Time" RangeGroup="Processor Time" />
                <Counter Name="% User Time" RangeGroup="Processor Time" />
                <Counter Name="Handle Count" />
                <Counter Name="Thread Count" />
                <Counter Name="Private Bytes" RangeGroup="Memory Bytes" />
                <Counter Name="Virtual Bytes" RangeGroup="Memory Bytes" />
                <Counter Name="Working Set" RangeGroup="Memory Bytes" />
              </Counters>
              <Instances>
                <Instance Name="QTController" />
              </Instances>
            </CounterCategory>
          </CounterCategories>
          <DefaultCountersForAutomaticGraphs>
            <DefaultCounter CategoryName="Processor" CounterName="% Processor Time" InstanceName="_Total" GraphName="" />
            <DefaultCounter CategoryName="Memory" CounterName="Available MBytes" InstanceName="" GraphName="" />
          </DefaultCountersForAutomaticGraphs>
        </CounterSet>
        <CounterSet Name="Agent" CounterSetType="Agent" LocId="CounterSet_Agent">
          <CounterCategories>
            <CounterCategory Name="Memory">
              <Counters>
                <Counter Name="% Committed Bytes In Use" Range="100" />
                <Counter Name="Available MBytes" RangeGroup="Memory Bytes" HigherIsBetter="true">
                  <ThresholdRules>
                    <ThresholdRule Classname="Microsoft.VisualStudio.TestTools.WebStress.Rules.ThresholdRuleCompareConstant, Microsoft.VisualStudio.QualityTools.LoadTest">
                      <RuleParameters>
                        <RuleParameter Name="AlertIfOver" Value="False" />
                        <RuleParameter Name="WarningThreshold" Value="100" />
                        <RuleParameter Name="CriticalThreshold" Value="50" />
                      </RuleParameters>
                    </ThresholdRule>
                  </ThresholdRules>
                </Counter>
                <Counter Name="Page Faults/sec" />
                <Counter Name="Pages/sec" />
                <Counter Name="Pool Paged Bytes" RangeGroup="Memory Bytes" />
                <Counter Name="Pool Nonpaged bytes" RangeGroup="Memory Bytes" />
              </Counters>
            </CounterCategory>
            <CounterCategory Name="Network Interface">
              <Counters>
                <Counter Name="Bytes Received/sec" RangeGroup="Network Bytes" />
                <Counter Name="Bytes Sent/sec" RangeGroup="Network Bytes" />
                <Counter Name="Output Queue Length">
                  <ThresholdRules>
                    <ThresholdRule Classname="Microsoft.VisualStudio.TestTools.WebStress.Rules.ThresholdRuleCompareConstant, Microsoft.VisualStudio.QualityTools.LoadTest">
                      <RuleParameters>
                        <RuleParameter Name="AlertIfOver" Value="True" />
                        <RuleParameter Name="WarningThreshold" Value="1.5" />
                        <RuleParameter Name="CriticalThreshold" Value="2" />
                      </RuleParameters>
                    </ThresholdRule>
                  </ThresholdRules>
                </Counter>
                <Counter Name="Packets Received/sec" RangeGroup="Network Packets" />
                <Counter Name="Packets Sent/sec" RangeGroup="Network Packets" />
                <Counter Name="Current Bandwidth" RangeGroup="Network Bytes" />
                <Counter Name="Bytes Total/sec" RangeGroup="Network Bytes">
                  <ThresholdRules>
                    <ThresholdRule Classname="Microsoft.VisualStudio.TestTools.WebStress.Rules.ThresholdRuleCompareCounters, Microsoft.VisualStudio.QualityTools.LoadTest, Version=10.0.0.0, Culture=neutral, PublicKeyToken=b03f5f7f11d50a3a">
                      <RuleParameters>
                        <RuleParameter Name="DependentCategory" Value="Network Interface" />
                        <RuleParameter Name="DependentCounter" Value="Current Bandwidth" />
                        <RuleParameter Name="DependentInstance" Value="" />
                        <RuleParameter Name="AlertIfOver" Value="True" />
                        <RuleParameter Name="WarningThreshold" Value="0.6" />
                        <RuleParameter Name="CriticalThreshold" Value="0.7" />
                      </RuleParameters>
                    </ThresholdRule>
                  </ThresholdRules>
                </Counter>
              </Counters>
              <Instances>
                <Instance Name="*" />
              </Instances>
            </CounterCategory>
            <CounterCategory Name="PhysicalDisk">
              <Counters>
                <Counter Name="% Disk Read Time" Range="100" />
                <Counter Name="% Disk Time" Range="100" />
                <Counter Name="% Disk Write Time" Range="100" />
                <Counter Name="% Idle Time" Range="100" HigherIsBetter="true">
                  <ThresholdRules>
                    <ThresholdRule Classname="Microsoft.VisualStudio.TestTools.WebStress.Rules.ThresholdRuleCompareConstant, Microsoft.VisualStudio.QualityTools.LoadTest">
                      <RuleParameters>
                        <RuleParameter Name="AlertIfOver" Value="False" />
                        <RuleParameter Name="WarningThreshold" Value="40" />
                        <RuleParameter Name="CriticalThreshold" Value="20" />
                      </RuleParameters>
                    </ThresholdRule>
                  </ThresholdRules>
                </Counter>
                <Counter Name="Avg. Disk Bytes/Read" RangeGroup="DiskBytesRate" />
                <Counter Name="Avg. Disk Bytes/Transfer" RangeGroup="DiskBytesRate" />
                <Counter Name="Avg. Disk Bytes/Write" RangeGroup="DiskBytesRate" />
                <Counter Name="Avg. Disk Queue Length" RangeGroup="Disk Queue Length" />
                <Counter Name="Avg. Disk Read Queue Length" RangeGroup="Disk Queue Length" />
                <Counter Name="Avg. Disk Write Queue Length" RangeGroup="Disk Queue Length" />
                <Counter Name="Current Disk Queue Length" RangeGroup="Disk Queue Length" />
                <Counter Name="Avg. Disk sec/Read" RangeGroup="Disk sec" />
                <Counter Name="Avg. Disk sec/Transfer" RangeGroup="Disk sec" />
                <Counter Name="Avg. Disk sec/Write" RangeGroup="Disk sec" />
                <Counter Name="Disk Bytes/sec" RangeGroup="Disk Bytes sec" />
                <Counter Name="Disk Read Bytes/sec" RangeGroup="Disk Bytes sec" />
                <Counter Name="Disk Reads/sec" RangeGroup="Disk Transfers sec" />
                <Counter Name="Disk Transfers/sec" RangeGroup="Disk Transfers sec" />
                <Counter Name="Disk Write Bytes/sec" RangeGroup="Disk Bytes sec" />
                <Counter Name="Disk Writes/sec" RangeGroup="Disk Transfers sec" />
                <Counter Name="Split IO/Sec" RangeGroup="Disk Transfers sec" />
              </Counters>
              <Instances>
                <Instance Name="*" />
              </Instances>
            </CounterCategory>
            <CounterCategory Name="Processor">
              <Counters>
                <Counter Name="% Processor Time" Range="100">
                  <ThresholdRules>
                    <ThresholdRule Classname="Microsoft.VisualStudio.TestTools.WebStress.Rules.ThresholdRuleCompareConstant, Microsoft.VisualStudio.QualityTools.LoadTest">
                      <RuleParameters>
                        <RuleParameter Name="AlertIfOver" Value="True" />
                        <RuleParameter Name="WarningThreshold" Value="75" />
                        <RuleParameter Name="CriticalThreshold" Value="90" />
                      </RuleParameters>
                    </ThresholdRule>
                  </ThresholdRules>
                </Counter>
                <Counter Name="% Privileged Time" Range="100" />
                <Counter Name="% User Time" Range="100" />
              </Counters>
              <Instances>
                <Instance Name="0" />
                <Instance Name="_Total" />
              </Instances>
            </CounterCategory>
            <CounterCategory Name="System">
              <Counters>
                <Counter Name="Context Switches/sec" />
                <Counter Name="Processes" />
                <Counter Name="Processor Queue Length" />
                <Counter Name="Threads" />
              </Counters>
            </CounterCategory>
            <CounterCategory Name="Process">
              <Counters>
                <Counter Name="% Processor Time" RangeGroup="Processor Time" />
                <Counter Name="% Privileged Time" RangeGroup="Processor Time" />
                <Counter Name="% User Time" RangeGroup="Processor Time" />
                <Counter Name="Handle Count" />
                <Counter Name="Thread Count" />
                <Counter Name="Private Bytes" RangeGroup="Memory Bytes" />
                <Counter Name="Virtual Bytes" RangeGroup="Memory Bytes" />
                <Counter Name="Working Set" RangeGroup="Memory Bytes" />
              </Counters>
              <Instances>
                <Instance Name="devenv" />
                <Instance Name="QTAgentService" />
                <Instance Name="QTAgent" />
                <Instance Name="QTAgent32" />
                <Instance Name="QTDCAgent" />
                <Instance Name="QTDCAgent32" />
              </Instances>
            </CounterCategory>
          </CounterCategories>
          <DefaultCountersForAutomaticGraphs>
            <DefaultCounter CategoryName="Processor" CounterName="% Processor Time" InstanceName="0" GraphName="" RunType="Local" />
            <DefaultCounter CategoryName="Processor" CounterName="% Processor Time" InstanceName="_Total" GraphName="" RunType="Remote" />
            <DefaultCounter CategoryName="Memory" CounterName="Available MBytes" InstanceName="" GraphName="" />
          </DefaultCountersForAutomaticGraphs>
        </CounterSet>
      </CounterSets>
      <RunConfigurations>
        <RunConfiguration Name="Run Settings1" Description="" ResultsStoreType="Database" TimingDetailsStorage="AllIndividualDetails" SaveTestLogsOnError="true" SaveTestLogsFrequency="0" MaxErrorDetails="200" MaxErrorsPerType="1000" MaxThresholdViolations="1000" MaxRequestUrlsReported="1000" UseTestIterations="false" RunDuration="600" WarmupTime="0" CoolDownTime="0" TestIterations="100" WebTestConnectionModel="ConnectionPerUser" WebTestConnectionPoolSize="50" SampleRate="5" ValidationLevel="High" SqlTracingConnectString="" SqlTracingConnectStringDisplayValue="" SqlTracingDirectory="" SqlTracingEnabled="false" SqlTracingMinimumDuration="500" RunUnitTestsInAppDomain="true">
          <CounterSetMappings>
            <CounterSetMapping ComputerName="[CONTROLLER MACHINE]">
              <CounterSetReferences>
                <CounterSetReference CounterSetName="LoadTest" />
                <CounterSetReference CounterSetName="Controller" />
              </CounterSetReferences>
            </CounterSetMapping>
            <CounterSetMapping ComputerName="[AGENT MACHINES]">
              <CounterSetReferences>
                <CounterSetReference CounterSetName="Agent" />
              </CounterSetReferences>
            </CounterSetMapping>
          </CounterSetMappings>
        </RunConfiguration>
      </RunConfigurations>
    </LoadTest>
  </TestDefinitions>
  <TestLists>
    <TestList name="Results Not in a List" id="8c84fa94-04c1-424b-9868-57a2d4851a1d" />
    <TestList name="All Loaded Results" id="19431567-8539-422a-85d7-44ee4e166bda" />
  </TestLists>
  <TestEntries>
    <TestEntry isTransparent="false" testId="f8297696-d75a-4b85-a200-dd0cadd6f69b" executionId="2e2efb4d-983c-484c-bb1e-a4646a8a34a5" testListId="8c84fa94-04c1-424b-9868-57a2d4851a1d">
      <TestEntries>
        <TestEntry isTransparent="false" testId="38e19077-e4b5-4e59-addd-26296168a189" executionId="8462c07f-1fdf-4e04-87e6-55b5eca0b68a" parentExecutionId="2e2efb4d-983c-484c-bb1e-a4646a8a34a5" testListId="8c84fa94-04c1-424b-9868-57a2d4851a1d" />
      </TestEntries>
    </TestEntry>
  </TestEntries>
  <Results>
    <LoadTestResult executionId="2e2efb4d-983c-484c-bb1e-a4646a8a34a5" testId="f8297696-d75a-4b85-a200-dd0cadd6f69b" testName="DispatcherLoginDashBoard" computerName="MARKKAMBERGER" duration="00:10:00" startTime="2012-08-21T16:27:27.6167865-04:00" endTime="2012-08-21T16:37:27.6167865-04:00" testType="fa4c85ff-1236-4463-b954-3ba2f0eabd95" outcome="Completed" testListId="8c84fa94-04c1-424b-9868-57a2d4851a1d" relativeResultsDirectory="2e2efb4d-983c-484c-bb1e-a4646a8a34a5" runId="9" controllerStartTime="2012-08-21T16:27:27.6167865-04:00" runStatus="Stopped" resultsStoreType="Database" resultsRepositoryConnectString="LAs4ogoKlDfKahvXAczISFagvmAOn0mDBbvs1qP70hlj/aAQBUZ5O4rnWlOkU5iajzZHoS4cPYaSgJuMnar9rhlHvxu8hEvzjaZfAvp+skV2GJ21ZA99Pm0o0WUQxUbO" loadTestDuration="600" loadTestWarmupTime="0" previouslyViewed="true">
      <AnalyzerViewState>
        <LoadTestRunDescriptor isLegendPanelVisible="true" isOverviewPanelVisible="true" isCounterPanelVisible="true" scrollingGraph="false" minMaxGraph="false" showHorizontalGridOnGraph="true" showThresholdsOnGraph="true" showComparison="false" showZoom="true" lockZoom="true" activeConsoleView="Graph" selectedGraphPanel1="Key Indicators" selectedGraphPanel2="Page Response Time" selectedGraphPanel3="System under Test" selectedGraphPanel4="Controller and Agents" graphPanelLayout="FourGrid" tablePanelLayout="TwoHorizontal" selectedTablePanel1="Tests" selectedTablePanel2="Errors" selectedTablePanel3="Thresholds" selectedTablePanel4="Transactions" controllerName="MARKKAMBERGER" isLocalRun="true" testRunId="65de8216-b5a7-4482-ae67-41abd54fbd00" repositoryRunId="0">
          <GraphDescriptors>
            <GraphDescriptor graphName="Key Indicators">
              <HorizontalZoomRange lower="-1" upper="-1" />
              <VerticalZoomRange lower="0" upper="100" />
              <PlotDescriptors>
                <PlotDescriptor colorArgb="-65536" lineStyle="0" fixedRange="0" rangeGroup="User Load" showOnGraph="true" isSelected="false">
                  <CounterDescriptor machineName="MARKKAMBERGER" categoryName="LoadTest:Scenario" counterName="User Load" instanceName="_Total" baseInstanceName="_Total" loadTestItemId="-1" />
                </PlotDescriptor>
                <PlotDescriptor colorArgb="-16744448" lineStyle="0" fixedRange="0" rangeGroup="Pages/Sec" showOnGraph="true" isSelected="false">
                  <CounterDescriptor machineName="MARKKAMBERGER" categoryName="LoadTest:Page" counterName="Pages/Sec" instanceName="_Total" baseInstanceName="_Total" loadTestItemId="-1" />
                </PlotDescriptor>
                <PlotDescriptor colorArgb="-16776961" lineStyle="0" fixedRange="0" rangeGroup="Avg. Page Time" showOnGraph="true" isSelected="false">
                  <CounterDescriptor machineName="MARKKAMBERGER" categoryName="LoadTest:Page" counterName="Avg. Page Time" instanceName="_Total" baseInstanceName="_Total" loadTestItemId="-1" />
                </PlotDescriptor>
                <PlotDescriptor colorArgb="-8388480" lineStyle="0" fixedRange="0" rangeGroup="Errors/Sec" showOnGraph="true" isSelected="false">
                  <CounterDescriptor machineName="MARKKAMBERGER" categoryName="LoadTest:Errors" counterName="Errors/Sec" instanceName="_Total" baseInstanceName="_Total" loadTestItemId="-1" />
                </PlotDescriptor>
                <PlotDescriptor colorArgb="-23296" lineStyle="0" fixedRange="0" rangeGroup="Threshold Violations/Sec" showOnGraph="true" isSelected="false">
                  <CounterDescriptor machineName="MARKKAMBERGER" categoryName="LoadTest:Errors" counterName="Threshold Violations/Sec" instanceName="_Total" baseInstanceName="_Total" loadTestItemId="-1" />
                </PlotDescriptor>
              </PlotDescriptors>
            </GraphDescriptor>
            <GraphDescriptor graphName="System under Test">
              <HorizontalZoomRange lower="-1" upper="-1" />
              <VerticalZoomRange lower="0" upper="100" />
            </GraphDescriptor>
            <GraphDescriptor graphName="Controller and Agents">
              <HorizontalZoomRange lower="-1" upper="-1" />
              <VerticalZoomRange lower="0" upper="100" />
              <PlotDescriptors>
                <PlotDescriptor colorArgb="-65536" lineStyle="0" fixedRange="100" rangeGroup="% Processor Time" showOnGraph="true" isSelected="false">
                  <CounterDescriptor machineName="MARKKAMBERGER" categoryName="Processor" counterName="% Processor Time" instanceName="0" baseInstanceName="0" loadTestItemId="-1" />
                </PlotDescriptor>
                <PlotDescriptor colorArgb="-16744448" lineStyle="0" fixedRange="0" rangeGroup="Memory Bytes" showOnGraph="true" isSelected="true">
                  <CounterDescriptor machineName="MARKKAMBERGER" categoryName="Memory" counterName="Available MBytes" instanceName="systemdiagnosticsperfcounterlibsingleinstance" baseInstanceName="systemdiagnosticsperfcounterlibsingleinstance" loadTestItemId="-1" />
                </PlotDescriptor>
              </PlotDescriptors>
            </GraphDescriptor>
            <GraphDescriptor graphName="Test Response Time">
              <HorizontalZoomRange lower="-1" upper="-1" />
              <VerticalZoomRange lower="0" upper="88" />
              <PlotDescriptors>
                <PlotDescriptor colorArgb="-65536" lineStyle="0" fixedRange="88" rangeGroup="Avg. Test Time" showOnGraph="true" isSelected="false" counterMetadata="WebTest1;HeavyLoadDispatcherLogin">
                  <CounterDescriptor machineName="MARKKAMBERGER" categoryName="LoadTest:Test" counterName="Avg. Test Time" instanceName="WebTest1(000)" baseInstanceName="WebTest1" loadTestItemId="0" />
                </PlotDescriptor>
              </PlotDescriptors>
            </GraphDescriptor>
            <GraphDescriptor graphName="Transaction Response Time">
              <HorizontalZoomRange lower="-1" upper="-1" />
              <VerticalZoomRange lower="0" upper="100" />
            </GraphDescriptor>
            <GraphDescriptor graphName="Page Response Time">
              <HorizontalZoomRange lower="-1" upper="-1" />
              <VerticalZoomRange lower="0" upper="37" />
              <PlotDescriptors>
                <PlotDescriptor colorArgb="-65536" lineStyle="0" fixedRange="37" rangeGroup="Avg. Page Time" showOnGraph="true" isSelected="false" counterMetadata="WebTest1;HeavyLoadDispatcherLogin;http://localhost:7787/----{GET}">
                  <CounterDescriptor machineName="MARKKAMBERGER" categoryName="LoadTest:Page" counterName="Avg. Page Time" instanceName="localhost:7787{GET}(018)" baseInstanceName="localhost:7787{GET}" loadTestItemId="18" />
                </PlotDescriptor>
                <PlotDescriptor colorArgb="-16744448" lineStyle="0" fixedRange="37" rangeGroup="Avg. Page Time" showOnGraph="true" isSelected="false" counterMetadata="WebTest1;HeavyLoadDispatcherLogin;http://localhost:7787/Content/js/app/views/login.mustache----{POST}">
                  <CounterDescriptor machineName="MARKKAMBERGER" categoryName="LoadTest:Page" counterName="Avg. Page Time" instanceName="login-mustache{POST}(008)" baseInstanceName="login-mustache{POST}" loadTestItemId="8" />
                </PlotDescriptor>
                <PlotDescriptor colorArgb="-16776961" lineStyle="0" fixedRange="37" rangeGroup="Avg. Page Time" showOnGraph="true" isSelected="false" counterMetadata="WebTest1;HeavyLoadDispatcherLogin;http://localhost:7787/Login----{POST}">
                  <CounterDescriptor machineName="MARKKAMBERGER" categoryName="LoadTest:Page" counterName="Avg. Page Time" instanceName="Login{POST}(043)" baseInstanceName="Login{POST}" loadTestItemId="43" />
                </PlotDescriptor>
                <PlotDescriptor colorArgb="-8388480" lineStyle="0" fixedRange="37" rangeGroup="Avg. Page Time" showOnGraph="true" isSelected="false" counterMetadata="WebTest1;HeavyLoadDispatcherLogin;http://localhost:7787/Dashboard----{GET}">
                  <CounterDescriptor machineName="MARKKAMBERGER" categoryName="LoadTest:Page" counterName="Avg. Page Time" instanceName="Dashboard{GET}(046)" baseInstanceName="Dashboard{GET}" loadTestItemId="46" />
                </PlotDescriptor>
                <PlotDescriptor colorArgb="-23296" lineStyle="0" fixedRange="37" rangeGroup="Avg. Page Time" showOnGraph="true" isSelected="false" counterMetadata="WebTest1;HeavyLoadDispatcherLogin;http://maps.googleapis.com/maps/api/js/ViewportInfoService.GetViewportInfo----{GET}">
                  <CounterDescriptor machineName="MARKKAMBERGER" categoryName="LoadTest:Page" counterName="Avg. Page Time" instanceName="ViewportInfoService-GetViewportInfo{GET}(053)" baseInstanceName="ViewportInfoService-GetViewportInfo{GET}" loadTestItemId="53" />
                </PlotDescriptor>
                <PlotDescriptor colorArgb="-16744320" lineStyle="0" fixedRange="37" rangeGroup="Avg. Page Time" showOnGraph="true" isSelected="false" counterMetadata="WebTest1;HeavyLoadDispatcherLogin;http://mt0.googleapis.com/mapslt/ft----{GET}">
                  <CounterDescriptor machineName="MARKKAMBERGER" categoryName="LoadTest:Page" counterName="Avg. Page Time" instanceName="ft{GET}(054)" baseInstanceName="ft{GET}" loadTestItemId="54" />
                </PlotDescriptor>
                <PlotDescriptor colorArgb="-7667712" lineStyle="0" fixedRange="37" rangeGroup="Avg. Page Time" showOnGraph="true" isSelected="false" counterMetadata="WebTest1;HeavyLoadDispatcherLogin;http://mt1.googleapis.com/mapslt/ft----{GET}">
                  <CounterDescriptor machineName="MARKKAMBERGER" categoryName="LoadTest:Page" counterName="Avg. Page Time" instanceName="ft{GET}(050)" baseInstanceName="ft{GET}" loadTestItemId="50" />
                </PlotDescriptor>
                <PlotDescriptor colorArgb="-16751616" lineStyle="0" fixedRange="37" rangeGroup="Avg. Page Time" showOnGraph="true" isSelected="false" counterMetadata="WebTest1;HeavyLoadDispatcherLogin;http://localhost:7787/Content/js/app/views/trips/triplist.mustache----{POST}">
                  <CounterDescriptor machineName="MARKKAMBERGER" categoryName="LoadTest:Page" counterName="Avg. Page Time" instanceName="triplist-mustache{POST}(051)" baseInstanceName="triplist-mustache{POST}" loadTestItemId="51" />
                </PlotDescriptor>
                <PlotDescriptor colorArgb="-16777077" lineStyle="0" fixedRange="37" rangeGroup="Avg. Page Time" showOnGraph="true" isSelected="false" counterMetadata="WebTest1;HeavyLoadDispatcherLogin;http://localhost:7787/Content/js/app/views/bids/bidlist.mustache----{POST}">
                  <CounterDescriptor machineName="MARKKAMBERGER" categoryName="LoadTest:Page" counterName="Avg. Page Time" instanceName="bidlist-mustache{POST}(049)" baseInstanceName="bidlist-mustache{POST}" loadTestItemId="49" />
                </PlotDescriptor>
                <PlotDescriptor colorArgb="-16741493" lineStyle="0" fixedRange="37" rangeGroup="Avg. Page Time" showOnGraph="true" isSelected="false" counterMetadata="WebTest1;HeavyLoadDispatcherLogin;http://maps.googleapis.com/maps/gen_204----{GET}">
                  <CounterDescriptor machineName="MARKKAMBERGER" categoryName="LoadTest:Page" counterName="Avg. Page Time" instanceName="gen_204{GET}(055)" baseInstanceName="gen_204{GET}" loadTestItemId="55" />
                </PlotDescriptor>
                <PlotDescriptor colorArgb="-5383962" lineStyle="0" fixedRange="37" rangeGroup="Avg. Page Time" showOnGraph="true" isSelected="false" counterMetadata="WebTest1;HeavyLoadDispatcherLogin;http://localhost:7787/Trip/Get----{POST}">
                  <CounterDescriptor machineName="MARKKAMBERGER" categoryName="LoadTest:Page" counterName="Avg. Page Time" instanceName="Get{POST}(057)" baseInstanceName="Get{POST}" loadTestItemId="57" />
                </PlotDescriptor>
                <PlotDescriptor colorArgb="-7278960" lineStyle="0" fixedRange="37" rangeGroup="Avg. Page Time" showOnGraph="true" isSelected="false" counterMetadata="WebTest1;HeavyLoadDispatcherLogin;http://maps.googleapis.com/maps/api/js/AuthenticationService.Authenticate----{GET}">
                  <CounterDescriptor machineName="MARKKAMBERGER" categoryName="LoadTest:Page" counterName="Avg. Page Time" instanceName="AuthenticationService-Authenticate{GET}(056)" baseInstanceName="AuthenticationService-Authenticate{GET}" loadTestItemId="56" />
                </PlotDescriptor>
                <PlotDescriptor colorArgb="-38476" lineStyle="0" fixedRange="37" rangeGroup="Avg. Page Time" showOnGraph="true" isSelected="false" counterMetadata="WebTest1;HeavyLoadDispatcherLogin;http://localhost:7787/Bid/GetUpdatedBids----{POST}">
                  <CounterDescriptor machineName="MARKKAMBERGER" categoryName="LoadTest:Page" counterName="Avg. Page Time" instanceName="GetUpdatedBids{POST}(052)" baseInstanceName="GetUpdatedBids{POST}" loadTestItemId="52" />
                </PlotDescriptor>
                <PlotDescriptor colorArgb="-10496" lineStyle="0" fixedRange="37" rangeGroup="Avg. Page Time" showOnGraph="true" isSelected="false" counterMetadata="WebTest1;HeavyLoadDispatcherLogin;http://csi.gstatic.com/csi----{GET}">
                  <CounterDescriptor machineName="MARKKAMBERGER" categoryName="LoadTest:Page" counterName="Avg. Page Time" instanceName="csi{GET}(058)" baseInstanceName="csi{GET}" loadTestItemId="58" />
                </PlotDescriptor>
                <PlotDescriptor colorArgb="-16777216" lineStyle="0" fixedRange="37" rangeGroup="Avg. Page Time" showOnGraph="true" isSelected="false" counterMetadata="WebTest1;HeavyLoadDispatcherLogin;http://maps.googleapis.com/maps/api/js/QuotaService.RecordEvent----{GET}">
                  <CounterDescriptor machineName="MARKKAMBERGER" categoryName="LoadTest:Page" counterName="Avg. Page Time" instanceName="QuotaService-RecordEvent{GET}(059)" baseInstanceName="QuotaService-RecordEvent{GET}" loadTestItemId="59" />
                </PlotDescriptor>
                <PlotDescriptor colorArgb="-65536" lineStyle="0" fixedRange="37" rangeGroup="Avg. Page Time" showOnGraph="true" isSelected="false" counterMetadata="WebTest1;HeavyLoadDispatcherLogin;http://localhost:7787/Logout----{GET}">
                  <CounterDescriptor machineName="MARKKAMBERGER" categoryName="LoadTest:Page" counterName="Avg. Page Time" instanceName="Logout{GET}(060)" baseInstanceName="Logout{GET}" loadTestItemId="60" />
                </PlotDescriptor>
              </PlotDescriptors>
            </GraphDescriptor>
          </GraphDescriptors>
        </LoadTestRunDescriptor>
      </AnalyzerViewState>
      <Summary>
        <PerformanceCounterResults>
          <PerformanceCounterResult isOverallResultCounter="true" higherIsBetter="true" machineName="MARKKAMBERGER" categoryName="LoadTest:Scenario" counterName="User Load" instanceName="_Total" value="25" />
          <PerformanceCounterResult isOverallResultCounter="true" higherIsBetter="true" machineName="MARKKAMBERGER" categoryName="LoadTest:Test" counterName="Total Tests" instanceName="_Total" value="186" />
          <PerformanceCounterResult isOverallResultCounter="true" higherIsBetter="false" machineName="MARKKAMBERGER" categoryName="LoadTest:Test" counterName="Failed Tests" instanceName="_Total" value="0" />
          <PerformanceCounterResult isOverallResultCounter="true" higherIsBetter="true" machineName="MARKKAMBERGER" categoryName="LoadTest:Test" counterName="Tests/Sec" instanceName="_Total" value="0.31" />
          <PerformanceCounterResult isOverallResultCounter="true" higherIsBetter="false" machineName="MARKKAMBERGER" categoryName="LoadTest:Test" counterName="Avg. Test Time" instanceName="_Total" value="73.6770859" />
          <PerformanceCounterResult isOverallResultCounter="true" higherIsBetter="true" machineName="MARKKAMBERGER" categoryName="LoadTest:Request" counterName="Total Requests" instanceName="_Total" value="36861" />
          <PerformanceCounterResult isOverallResultCounter="true" higherIsBetter="false" machineName="MARKKAMBERGER" categoryName="LoadTest:Request" counterName="Failed Requests" instanceName="_Total" value="0" />
          <PerformanceCounterResult isOverallResultCounter="true" higherIsBetter="true" machineName="MARKKAMBERGER" categoryName="LoadTest:Request" counterName="Cached Requests" instanceName="_Total" value="4098" />
          <PerformanceCounterResult isOverallResultCounter="true" higherIsBetter="true" machineName="MARKKAMBERGER" categoryName="LoadTest:Request" counterName="Requests/Sec" instanceName="_Total" value="61.435" />
          <PerformanceCounterResult isOverallResultCounter="true" higherIsBetter="false" machineName="MARKKAMBERGER" categoryName="LoadTest:Request" counterName="Avg. Response Time" instanceName="_Total" value="0.5762364" />
          <PerformanceCounterResult isOverallResultCounter="false" higherIsBetter="false" machineName="MARKKAMBERGER" categoryName="Processor" counterName="% Processor Time" instanceName="_Total" value="62.9027939" />
          <PerformanceCounterResult isOverallResultCounter="false" higherIsBetter="true" machineName="MARKKAMBERGER" categoryName="Memory" counterName="Available MBytes" instanceName="-" value="1584" />
        </PerformanceCounterResults>
        <PageSummaries>
          <PageSummary scenarioName="HeavyLoadDispatcherLogin" testName="WebTest1" url="localhost:7787/{GET}" pageCount="397" responseTime="1250" />
          <PageSummary scenarioName="HeavyLoadDispatcherLogin" testName="WebTest1" url="login.mustache{POST}" pageCount="211" responseTime="14" />
          <PageSummary scenarioName="HeavyLoadDispatcherLogin" testName="WebTest1" url="Login{POST}" pageCount="211" responseTime="1944" />
          <PageSummary scenarioName="HeavyLoadDispatcherLogin" testName="WebTest1" url="Dashboard{GET}" pageCount="204" responseTime="22196" />
          <PageSummary scenarioName="HeavyLoadDispatcherLogin" testName="WebTest1" url="ViewportInfoService.GetViewportInfo{GET}" pageCount="204" responseTime="232" />
          <PageSummary scenarioName="HeavyLoadDispatcherLogin" testName="WebTest1" url="ft{GET}" pageCount="204" responseTime="71" />
          <PageSummary scenarioName="HeavyLoadDispatcherLogin" testName="WebTest1" url="ft{GET}" pageCount="608" responseTime="70" />
          <PageSummary scenarioName="HeavyLoadDispatcherLogin" testName="WebTest1" url="triplist.mustache{POST}" pageCount="202" responseTime="753" />
          <PageSummary scenarioName="HeavyLoadDispatcherLogin" testName="WebTest1" url="bidlist.mustache{POST}" pageCount="202" responseTime="601" />
          <PageSummary scenarioName="HeavyLoadDispatcherLogin" testName="WebTest1" url="gen_204{GET}" pageCount="606" responseTime="99" />
          <PageSummary scenarioName="HeavyLoadDispatcherLogin" testName="WebTest1" url="Get{POST}" pageCount="202" responseTime="1273" />
          <PageSummary scenarioName="HeavyLoadDispatcherLogin" testName="WebTest1" url="AuthenticationService.Authenticate{GET}" pageCount="202" responseTime="90" />
          <PageSummary scenarioName="HeavyLoadDispatcherLogin" testName="WebTest1" url="GetUpdatedBids{POST}" pageCount="1585" responseTime="885" />
          <PageSummary scenarioName="HeavyLoadDispatcherLogin" testName="WebTest1" url="csi{GET}" pageCount="202" responseTime="50" />
          <PageSummary scenarioName="HeavyLoadDispatcherLogin" testName="WebTest1" url="QuotaService.RecordEvent{GET}" pageCount="202" responseTime="96" />
          <PageSummary scenarioName="HeavyLoadDispatcherLogin" testName="WebTest1" url="Logout{GET}" pageCount="186" responseTime="559" />
        </PageSummaries>
        <TestSummaries>
          <TestSummary scenarioName="HeavyLoadDispatcherLogin" testName="WebTest1" totalTests="186" testsFailed="0" averageDuration="73677" />
        </TestSummaries>
      </Summary>
    </LoadTestResult>
  </Results>
</TestRun>